{"C:\\Users\\sercan.sak\\projects\\uart\\src\\data\\templates.ts": {"path":"C:\\Users\\sercan.sak\\projects\\uart\\src\\data\\templates.ts","statementMap":{"0":{"start":{"line":7,"column":50},"end":{"line":909,"column":null}}},"fnMap":{},"branchMap":{},"s":{"0":1},"f":{},"b":{},"meta":{"lastBranch":0,"lastFunction":0,"lastStatement":1,"seen":{"s:7:50:909:Infinity":0}}}
,"C:\\Users\\sercan.sak\\projects\\uart\\src\\engines\\CHeaderImporter.ts": {"path":"C:\\Users\\sercan.sak\\projects\\uart\\src\\engines\\CHeaderImporter.ts","statementMap":{"0":{"start":{"line":9,"column":26},"end":{"line":9,"column":28}},"1":{"start":{"line":10,"column":14},"end":{"line":10,"column":null}},"2":{"start":{"line":13,"column":22},"end":{"line":13,"column":68}},"3":{"start":{"line":16,"column":22},"end":{"line":16,"column":null}},"4":{"start":{"line":19,"column":42},"end":{"line":24,"column":null}},"5":{"start":{"line":26,"column":2},"end":{"line":46,"column":null}},"6":{"start":{"line":27,"column":18},"end":{"line":27,"column":33}},"7":{"start":{"line":28,"column":17},"end":{"line":28,"column":32}},"8":{"start":{"line":29,"column":22},"end":{"line":29,"column":null}},"9":{"start":{"line":31,"column":22},"end":{"line":31,"column":null}},"10":{"start":{"line":36,"column":23},"end":{"line":36,"column":null}},"11":{"start":{"line":38,"column":4},"end":{"line":46,"column":null}},"12":{"start":{"line":49,"column":2},"end":{"line":49,"column":null}}},"fnMap":{"0":{"name":"parseCHeader","decl":{"start":{"line":8,"column":16},"end":{"line":8,"column":29}},"loc":{"start":{"line":8,"column":54},"end":{"line":49,"column":null}},"line":8}},"branchMap":{"0":{"loc":{"start":{"line":29,"column":22},"end":{"line":29,"column":null}},"type":"cond-expr","locations":[{"start":{"line":29,"column":33},"end":{"line":29,"column":55}},{"start":{"line":29,"column":58},"end":{"line":29,"column":null}}],"line":29},"1":{"loc":{"start":{"line":31,"column":22},"end":{"line":31,"column":null}},"type":"binary-expr","locations":[{"start":{"line":31,"column":22},"end":{"line":31,"column":40}},{"start":{"line":31,"column":40},"end":{"line":31,"column":null}}],"line":31}},"s":{"0":4,"1":4,"2":4,"3":4,"4":4,"5":4,"6":7,"7":7,"8":7,"9":7,"10":7,"11":7,"12":4},"f":{"0":4},"b":{"0":[1,6],"1":[7,1]},"meta":{"lastBranch":2,"lastFunction":1,"lastStatement":13,"seen":{"f:8:16:8:29":0,"s:9:26:9:28":0,"s:10:14:10:Infinity":1,"s:13:22:13:68":2,"s:16:22:16:Infinity":3,"s:19:42:24:Infinity":4,"s:26:2:46:Infinity":5,"s:27:18:27:33":6,"s:28:17:28:32":7,"s:29:22:29:Infinity":8,"b:29:33:29:55:29:58:29:Infinity":0,"s:31:22:31:Infinity":9,"b:31:22:31:40:31:40:31:Infinity":1,"s:36:23:36:Infinity":10,"s:38:4:46:Infinity":11,"s:49:2:49:Infinity":12}}}
,"C:\\Users\\sercan.sak\\projects\\uart\\src\\engines\\ChecksumCalculator.ts": {"path":"C:\\Users\\sercan.sak\\projects\\uart\\src\\engines\\ChecksumCalculator.ts","statementMap":{"0":{"start":{"line":8,"column":18},"end":{"line":8,"column":null}},"1":{"start":{"line":9,"column":2},"end":{"line":11,"column":null}},"2":{"start":{"line":9,"column":15},"end":{"line":9,"column":18}},"3":{"start":{"line":10,"column":4},"end":{"line":11,"column":null}},"4":{"start":{"line":11,"column":6},"end":{"line":11,"column":null}},"5":{"start":{"line":14,"column":2},"end":{"line":14,"column":null}},"6":{"start":{"line":18,"column":12},"end":{"line":18,"column":null}},"7":{"start":{"line":19,"column":2},"end":{"line":23,"column":null}},"8":{"start":{"line":20,"column":4},"end":{"line":20,"column":null}},"9":{"start":{"line":21,"column":4},"end":{"line":23,"column":null}},"10":{"start":{"line":21,"column":17},"end":{"line":21,"column":20}},"11":{"start":{"line":22,"column":6},"end":{"line":23,"column":null}},"12":{"start":{"line":22,"column":30},"end":{"line":22,"column":null}},"13":{"start":{"line":23,"column":11},"end":{"line":23,"column":null}},"14":{"start":{"line":26,"column":2},"end":{"line":26,"column":null}},"15":{"start":{"line":37,"column":12},"end":{"line":37,"column":null}},"16":{"start":{"line":38,"column":2},"end":{"line":43,"column":null}},"17":{"start":{"line":39,"column":4},"end":{"line":39,"column":null}},"18":{"start":{"line":39,"column":19},"end":{"line":39,"column":null}},"19":{"start":{"line":40,"column":4},"end":{"line":40,"column":null}},"20":{"start":{"line":41,"column":4},"end":{"line":43,"column":null}},"21":{"start":{"line":41,"column":17},"end":{"line":41,"column":20}},"22":{"start":{"line":42,"column":6},"end":{"line":43,"column":null}},"23":{"start":{"line":42,"column":32},"end":{"line":42,"column":null}},"24":{"start":{"line":43,"column":11},"end":{"line":43,"column":null}},"25":{"start":{"line":46,"column":2},"end":{"line":46,"column":null}},"26":{"start":{"line":46,"column":18},"end":{"line":46,"column":null}},"27":{"start":{"line":47,"column":2},"end":{"line":47,"column":null}},"28":{"start":{"line":51,"column":12},"end":{"line":51,"column":null}},"29":{"start":{"line":52,"column":2},"end":{"line":57,"column":null}},"30":{"start":{"line":53,"column":4},"end":{"line":53,"column":null}},"31":{"start":{"line":54,"column":4},"end":{"line":54,"column":null}},"32":{"start":{"line":55,"column":4},"end":{"line":57,"column":null}},"33":{"start":{"line":55,"column":17},"end":{"line":55,"column":20}},"34":{"start":{"line":56,"column":6},"end":{"line":57,"column":null}},"35":{"start":{"line":56,"column":36},"end":{"line":56,"column":null}},"36":{"start":{"line":57,"column":11},"end":{"line":57,"column":null}},"37":{"start":{"line":60,"column":2},"end":{"line":60,"column":null}},"38":{"start":{"line":61,"column":2},"end":{"line":61,"column":null}},"39":{"start":{"line":74,"column":24},"end":{"line":74,"column":null}},"40":{"start":{"line":76,"column":2},"end":{"line":130,"column":null}},"41":{"start":{"line":78,"column":21},"end":{"line":78,"column":null}},"42":{"start":{"line":78,"column":45},"end":{"line":78,"column":54}},"43":{"start":{"line":79,"column":6},"end":{"line":79,"column":null}},"44":{"start":{"line":82,"column":21},"end":{"line":82,"column":65}},"45":{"start":{"line":82,"column":46},"end":{"line":82,"column":63}},"46":{"start":{"line":83,"column":6},"end":{"line":83,"column":null}},"47":{"start":{"line":86,"column":6},"end":{"line":86,"column":null}},"48":{"start":{"line":89,"column":21},"end":{"line":95,"column":null}},"49":{"start":{"line":97,"column":6},"end":{"line":97,"column":null}},"50":{"start":{"line":100,"column":21},"end":{"line":106,"column":null}},"51":{"start":{"line":108,"column":6},"end":{"line":108,"column":null}},"52":{"start":{"line":111,"column":21},"end":{"line":111,"column":32}},"53":{"start":{"line":112,"column":6},"end":{"line":117,"column":null}},"54":{"start":{"line":121,"column":19},"end":{"line":121,"column":null}},"55":{"start":{"line":122,"column":19},"end":{"line":122,"column":null}},"56":{"start":{"line":123,"column":21},"end":{"line":123,"column":null}},"57":{"start":{"line":124,"column":20},"end":{"line":124,"column":null}},"58":{"start":{"line":125,"column":21},"end":{"line":125,"column":null}},"59":{"start":{"line":126,"column":21},"end":{"line":126,"column":67}},"60":{"start":{"line":127,"column":6},"end":{"line":127,"column":null}},"61":{"start":{"line":130,"column":6},"end":{"line":130,"column":null}}},"fnMap":{"0":{"name":"reflect","decl":{"start":{"line":7,"column":9},"end":{"line":7,"column":17}},"loc":{"start":{"line":7,"column":54},"end":{"line":14,"column":null}},"line":7},"1":{"name":"crc8","decl":{"start":{"line":17,"column":9},"end":{"line":17,"column":14}},"loc":{"start":{"line":17,"column":38},"end":{"line":26,"column":null}},"line":17},"2":{"name":"crc16","decl":{"start":{"line":29,"column":9},"end":{"line":29,"column":null}},"loc":{"start":{"line":36,"column":10},"end":{"line":47,"column":null}},"line":36},"3":{"name":"crc32","decl":{"start":{"line":50,"column":9},"end":{"line":50,"column":15}},"loc":{"start":{"line":50,"column":39},"end":{"line":61,"column":null}},"line":50},"4":{"name":"calculateChecksum","decl":{"start":{"line":73,"column":16},"end":{"line":73,"column":34}},"loc":{"start":{"line":73,"column":84},"end":{"line":130,"column":null}},"line":73},"5":{"name":"(anonymous_5)","decl":{"start":{"line":78,"column":26},"end":{"line":78,"column":34}},"loc":{"start":{"line":78,"column":45},"end":{"line":78,"column":54}},"line":78},"6":{"name":"(anonymous_6)","decl":{"start":{"line":82,"column":26},"end":{"line":82,"column":34}},"loc":{"start":{"line":82,"column":46},"end":{"line":82,"column":63}},"line":82}},"branchMap":{"0":{"loc":{"start":{"line":10,"column":4},"end":{"line":11,"column":null}},"type":"if","locations":[{"start":{"line":10,"column":4},"end":{"line":11,"column":null}},{"start":{},"end":{}}],"line":10},"1":{"loc":{"start":{"line":22,"column":6},"end":{"line":23,"column":null}},"type":"if","locations":[{"start":{"line":22,"column":6},"end":{"line":23,"column":null}},{"start":{"line":23,"column":11},"end":{"line":23,"column":null}}],"line":22},"2":{"loc":{"start":{"line":39,"column":4},"end":{"line":39,"column":null}},"type":"if","locations":[{"start":{"line":39,"column":4},"end":{"line":39,"column":null}},{"start":{},"end":{}}],"line":39},"3":{"loc":{"start":{"line":42,"column":6},"end":{"line":43,"column":null}},"type":"if","locations":[{"start":{"line":42,"column":6},"end":{"line":43,"column":null}},{"start":{"line":43,"column":11},"end":{"line":43,"column":null}}],"line":42},"4":{"loc":{"start":{"line":46,"column":2},"end":{"line":46,"column":null}},"type":"if","locations":[{"start":{"line":46,"column":2},"end":{"line":46,"column":null}},{"start":{},"end":{}}],"line":46},"5":{"loc":{"start":{"line":56,"column":6},"end":{"line":57,"column":null}},"type":"if","locations":[{"start":{"line":56,"column":6},"end":{"line":57,"column":null}},{"start":{"line":57,"column":11},"end":{"line":57,"column":null}}],"line":56},"6":{"loc":{"start":{"line":76,"column":2},"end":{"line":130,"column":null}},"type":"switch","locations":[{"start":{"line":77,"column":4},"end":{"line":79,"column":null}},{"start":{"line":81,"column":4},"end":{"line":83,"column":null}},{"start":{"line":85,"column":4},"end":{"line":86,"column":null}},{"start":{"line":88,"column":4},"end":{"line":97,"column":null}},{"start":{"line":99,"column":4},"end":{"line":108,"column":null}},{"start":{"line":110,"column":4},"end":{"line":117,"column":null}},{"start":{"line":119,"column":4},"end":{"line":127,"column":null}},{"start":{"line":129,"column":4},"end":{"line":130,"column":null}}],"line":76},"7":{"loc":{"start":{"line":91,"column":8},"end":{"line":91,"column":null}},"type":"binary-expr","locations":[{"start":{"line":91,"column":8},"end":{"line":91,"column":29}},{"start":{"line":91,"column":29},"end":{"line":91,"column":null}}],"line":91},"8":{"loc":{"start":{"line":92,"column":8},"end":{"line":92,"column":null}},"type":"binary-expr","locations":[{"start":{"line":92,"column":8},"end":{"line":92,"column":31}},{"start":{"line":92,"column":31},"end":{"line":92,"column":null}}],"line":92},"9":{"loc":{"start":{"line":93,"column":8},"end":{"line":93,"column":null}},"type":"binary-expr","locations":[{"start":{"line":93,"column":8},"end":{"line":93,"column":25}},{"start":{"line":93,"column":25},"end":{"line":93,"column":null}}],"line":93},"10":{"loc":{"start":{"line":94,"column":8},"end":{"line":94,"column":null}},"type":"binary-expr","locations":[{"start":{"line":94,"column":8},"end":{"line":94,"column":28}},{"start":{"line":94,"column":28},"end":{"line":94,"column":null}}],"line":94},"11":{"loc":{"start":{"line":95,"column":8},"end":{"line":95,"column":null}},"type":"binary-expr","locations":[{"start":{"line":95,"column":8},"end":{"line":95,"column":29}},{"start":{"line":95,"column":29},"end":{"line":95,"column":null}}],"line":95},"12":{"loc":{"start":{"line":102,"column":8},"end":{"line":102,"column":null}},"type":"binary-expr","locations":[{"start":{"line":102,"column":8},"end":{"line":102,"column":29}},{"start":{"line":102,"column":29},"end":{"line":102,"column":null}}],"line":102},"13":{"loc":{"start":{"line":103,"column":8},"end":{"line":103,"column":null}},"type":"binary-expr","locations":[{"start":{"line":103,"column":8},"end":{"line":103,"column":31}},{"start":{"line":103,"column":31},"end":{"line":103,"column":null}}],"line":103},"14":{"loc":{"start":{"line":104,"column":8},"end":{"line":104,"column":null}},"type":"binary-expr","locations":[{"start":{"line":104,"column":8},"end":{"line":104,"column":25}},{"start":{"line":104,"column":25},"end":{"line":104,"column":null}}],"line":104},"15":{"loc":{"start":{"line":105,"column":8},"end":{"line":105,"column":null}},"type":"binary-expr","locations":[{"start":{"line":105,"column":8},"end":{"line":105,"column":28}},{"start":{"line":105,"column":28},"end":{"line":105,"column":null}}],"line":105},"16":{"loc":{"start":{"line":106,"column":8},"end":{"line":106,"column":null}},"type":"binary-expr","locations":[{"start":{"line":106,"column":8},"end":{"line":106,"column":29}},{"start":{"line":106,"column":29},"end":{"line":106,"column":null}}],"line":106},"17":{"loc":{"start":{"line":121,"column":19},"end":{"line":121,"column":null}},"type":"binary-expr","locations":[{"start":{"line":121,"column":19},"end":{"line":121,"column":40}},{"start":{"line":121,"column":40},"end":{"line":121,"column":null}}],"line":121},"18":{"loc":{"start":{"line":122,"column":19},"end":{"line":122,"column":null}},"type":"binary-expr","locations":[{"start":{"line":122,"column":19},"end":{"line":122,"column":42}},{"start":{"line":122,"column":42},"end":{"line":122,"column":null}}],"line":122},"19":{"loc":{"start":{"line":123,"column":21},"end":{"line":123,"column":null}},"type":"binary-expr","locations":[{"start":{"line":123,"column":21},"end":{"line":123,"column":38}},{"start":{"line":123,"column":38},"end":{"line":123,"column":null}}],"line":123},"20":{"loc":{"start":{"line":124,"column":20},"end":{"line":124,"column":null}},"type":"binary-expr","locations":[{"start":{"line":124,"column":20},"end":{"line":124,"column":40}},{"start":{"line":124,"column":40},"end":{"line":124,"column":null}}],"line":124},"21":{"loc":{"start":{"line":125,"column":21},"end":{"line":125,"column":null}},"type":"binary-expr","locations":[{"start":{"line":125,"column":21},"end":{"line":125,"column":42}},{"start":{"line":125,"column":42},"end":{"line":125,"column":null}}],"line":125}},"s":{"0":30,"1":30,"2":30,"3":280,"4":134,"5":30,"6":1,"7":1,"8":9,"9":9,"10":9,"11":72,"12":39,"13":33,"14":1,"15":3,"16":3,"17":27,"18":18,"19":27,"20":27,"21":27,"22":216,"23":99,"24":117,"25":3,"26":2,"27":3,"28":1,"29":1,"30":9,"31":9,"32":9,"33":9,"34":72,"35":34,"36":38,"37":1,"38":1,"39":10,"40":10,"41":2,"42":9,"43":2,"44":2,"45":10,"46":2,"47":1,"48":1,"49":1,"50":1,"51":1,"52":1,"53":1,"54":1,"55":1,"56":1,"57":1,"58":1,"59":1,"60":1,"61":1},"f":{"0":30,"1":1,"2":3,"3":1,"4":10,"5":9,"6":10},"b":{"0":[134,146],"1":[39,33],"2":[18,9],"3":[99,117],"4":[2,1],"5":[34,38],"6":[2,2,1,1,1,1,1,1],"7":[1,1],"8":[1,1],"9":[1,1],"10":[1,1],"11":[1,1],"12":[1,1],"13":[1,1],"14":[1,1],"15":[1,1],"16":[1,1],"17":[1,0],"18":[1,0],"19":[1,0],"20":[1,0],"21":[1,0]},"meta":{"lastBranch":22,"lastFunction":7,"lastStatement":62,"seen":{"f:7:9:7:17":0,"s:8:18:8:Infinity":0,"s:9:2:11:Infinity":1,"s:9:15:9:18":2,"b:10:4:11:Infinity:undefined:undefined:undefined:undefined":0,"s:10:4:11:Infinity":3,"s:11:6:11:Infinity":4,"s:14:2:14:Infinity":5,"f:17:9:17:14":1,"s:18:12:18:Infinity":6,"s:19:2:23:Infinity":7,"s:20:4:20:Infinity":8,"s:21:4:23:Infinity":9,"s:21:17:21:20":10,"b:22:6:23:Infinity:23:11:23:Infinity":1,"s:22:6:23:Infinity":11,"s:22:30:22:Infinity":12,"s:23:11:23:Infinity":13,"s:26:2:26:Infinity":14,"f:29:9:29:Infinity":2,"s:37:12:37:Infinity":15,"s:38:2:43:Infinity":16,"b:39:4:39:Infinity:undefined:undefined:undefined:undefined":2,"s:39:4:39:Infinity":17,"s:39:19:39:Infinity":18,"s:40:4:40:Infinity":19,"s:41:4:43:Infinity":20,"s:41:17:41:20":21,"b:42:6:43:Infinity:43:11:43:Infinity":3,"s:42:6:43:Infinity":22,"s:42:32:42:Infinity":23,"s:43:11:43:Infinity":24,"b:46:2:46:Infinity:undefined:undefined:undefined:undefined":4,"s:46:2:46:Infinity":25,"s:46:18:46:Infinity":26,"s:47:2:47:Infinity":27,"f:50:9:50:15":3,"s:51:12:51:Infinity":28,"s:52:2:57:Infinity":29,"s:53:4:53:Infinity":30,"s:54:4:54:Infinity":31,"s:55:4:57:Infinity":32,"s:55:17:55:20":33,"b:56:6:57:Infinity:57:11:57:Infinity":5,"s:56:6:57:Infinity":34,"s:56:36:56:Infinity":35,"s:57:11:57:Infinity":36,"s:60:2:60:Infinity":37,"s:61:2:61:Infinity":38,"f:73:16:73:34":4,"s:74:24:74:Infinity":39,"b:77:4:79:Infinity:81:4:83:Infinity:85:4:86:Infinity:88:4:97:Infinity:99:4:108:Infinity:110:4:117:Infinity:119:4:127:Infinity:129:4:130:Infinity":6,"s:76:2:130:Infinity":40,"s:78:21:78:Infinity":41,"f:78:26:78:34":5,"s:78:45:78:54":42,"s:79:6:79:Infinity":43,"s:82:21:82:65":44,"f:82:26:82:34":6,"s:82:46:82:63":45,"s:83:6:83:Infinity":46,"s:86:6:86:Infinity":47,"s:89:21:95:Infinity":48,"b:91:8:91:29:91:29:91:Infinity":7,"b:92:8:92:31:92:31:92:Infinity":8,"b:93:8:93:25:93:25:93:Infinity":9,"b:94:8:94:28:94:28:94:Infinity":10,"b:95:8:95:29:95:29:95:Infinity":11,"s:97:6:97:Infinity":49,"s:100:21:106:Infinity":50,"b:102:8:102:29:102:29:102:Infinity":12,"b:103:8:103:31:103:31:103:Infinity":13,"b:104:8:104:25:104:25:104:Infinity":14,"b:105:8:105:28:105:28:105:Infinity":15,"b:106:8:106:29:106:29:106:Infinity":16,"s:108:6:108:Infinity":51,"s:111:21:111:32":52,"s:112:6:117:Infinity":53,"s:121:19:121:Infinity":54,"b:121:19:121:40:121:40:121:Infinity":17,"s:122:19:122:Infinity":55,"b:122:19:122:42:122:42:122:Infinity":18,"s:123:21:123:Infinity":56,"b:123:21:123:38:123:38:123:Infinity":19,"s:124:20:124:Infinity":57,"b:124:20:124:40:124:40:124:Infinity":20,"s:125:21:125:Infinity":58,"b:125:21:125:42:125:42:125:Infinity":21,"s:126:21:126:67":59,"s:127:6:127:Infinity":60,"s:130:6:130:Infinity":61}}}
,"C:\\Users\\sercan.sak\\projects\\uart\\src\\engines\\DSPEngine.ts": {"path":"C:\\Users\\sercan.sak\\projects\\uart\\src\\engines\\DSPEngine.ts","statementMap":{"0":{"start":{"line":14,"column":14},"end":{"line":14,"column":null}},"1":{"start":{"line":15,"column":4},"end":{"line":15,"column":null}},"2":{"start":{"line":15,"column":29},"end":{"line":15,"column":null}},"3":{"start":{"line":18,"column":12},"end":{"line":18,"column":null}},"4":{"start":{"line":19,"column":4},"end":{"line":29,"column":null}},"5":{"start":{"line":19,"column":17},"end":{"line":19,"column":20}},"6":{"start":{"line":20,"column":8},"end":{"line":22,"column":null}},"7":{"start":{"line":21,"column":12},"end":{"line":21,"column":null}},"8":{"start":{"line":22,"column":12},"end":{"line":22,"column":null}},"9":{"start":{"line":24,"column":16},"end":{"line":24,"column":null}},"10":{"start":{"line":25,"column":8},"end":{"line":27,"column":null}},"11":{"start":{"line":26,"column":12},"end":{"line":26,"column":null}},"12":{"start":{"line":27,"column":12},"end":{"line":27,"column":null}},"13":{"start":{"line":29,"column":8},"end":{"line":29,"column":null}},"14":{"start":{"line":33,"column":4},"end":{"line":56,"column":null}},"15":{"start":{"line":33,"column":19},"end":{"line":33,"column":22}},"16":{"start":{"line":34,"column":21},"end":{"line":34,"column":null}},"17":{"start":{"line":35,"column":26},"end":{"line":35,"column":39}},"18":{"start":{"line":36,"column":26},"end":{"line":36,"column":40}},"19":{"start":{"line":38,"column":8},"end":{"line":56,"column":null}},"20":{"start":{"line":38,"column":21},"end":{"line":38,"column":24}},"21":{"start":{"line":39,"column":25},"end":{"line":39,"column":null}},"22":{"start":{"line":40,"column":25},"end":{"line":40,"column":null}},"23":{"start":{"line":41,"column":12},"end":{"line":56,"column":null}},"24":{"start":{"line":41,"column":25},"end":{"line":41,"column":28}},"25":{"start":{"line":42,"column":31},"end":{"line":42,"column":null}},"26":{"start":{"line":43,"column":31},"end":{"line":43,"column":null}},"27":{"start":{"line":45,"column":30},"end":{"line":45,"column":null}},"28":{"start":{"line":46,"column":31},"end":{"line":46,"column":null}},"29":{"start":{"line":47,"column":31},"end":{"line":47,"column":null}},"30":{"start":{"line":49,"column":16},"end":{"line":49,"column":null}},"31":{"start":{"line":50,"column":16},"end":{"line":50,"column":null}},"32":{"start":{"line":51,"column":16},"end":{"line":51,"column":null}},"33":{"start":{"line":52,"column":16},"end":{"line":52,"column":null}},"34":{"start":{"line":54,"column":33},"end":{"line":54,"column":null}},"35":{"start":{"line":55,"column":16},"end":{"line":55,"column":null}},"36":{"start":{"line":56,"column":16},"end":{"line":56,"column":null}},"37":{"start":{"line":66,"column":14},"end":{"line":66,"column":null}},"38":{"start":{"line":67,"column":4},"end":{"line":71,"column":null}},"39":{"start":{"line":67,"column":17},"end":{"line":67,"column":20}},"40":{"start":{"line":68,"column":6},"end":{"line":71,"column":null}},"41":{"start":{"line":69,"column":8},"end":{"line":69,"column":null}},"42":{"start":{"line":70,"column":17},"end":{"line":71,"column":null}},"43":{"start":{"line":71,"column":8},"end":{"line":71,"column":null}},"44":{"start":{"line":74,"column":4},"end":{"line":74,"column":null}},"45":{"start":{"line":81,"column":14},"end":{"line":81,"column":null}},"46":{"start":{"line":82,"column":16},"end":{"line":82,"column":39}},"47":{"start":{"line":83,"column":4},"end":{"line":86,"column":null}},"48":{"start":{"line":83,"column":17},"end":{"line":83,"column":20}},"49":{"start":{"line":84,"column":24},"end":{"line":84,"column":null}},"50":{"start":{"line":86,"column":6},"end":{"line":86,"column":null}},"51":{"start":{"line":88,"column":4},"end":{"line":88,"column":null}}},"fnMap":{"0":{"name":"(anonymous_0)","decl":{"start":{"line":13,"column":16},"end":{"line":13,"column":20}},"loc":{"start":{"line":13,"column":60},"end":{"line":56,"column":null}},"line":13},"1":{"name":"(anonymous_1)","decl":{"start":{"line":65,"column":16},"end":{"line":65,"column":28}},"loc":{"start":{"line":65,"column":78},"end":{"line":74,"column":null}},"line":65},"2":{"name":"(anonymous_2)","decl":{"start":{"line":80,"column":16},"end":{"line":80,"column":35}},"loc":{"start":{"line":80,"column":89},"end":{"line":88,"column":null}},"line":80}},"branchMap":{"0":{"loc":{"start":{"line":15,"column":4},"end":{"line":15,"column":null}},"type":"if","locations":[{"start":{"line":15,"column":4},"end":{"line":15,"column":null}},{"start":{},"end":{}}],"line":15},"1":{"loc":{"start":{"line":20,"column":8},"end":{"line":22,"column":null}},"type":"if","locations":[{"start":{"line":20,"column":8},"end":{"line":22,"column":null}},{"start":{},"end":{}}],"line":20},"2":{"loc":{"start":{"line":25,"column":15},"end":{"line":25,"column":33}},"type":"binary-expr","locations":[{"start":{"line":25,"column":15},"end":{"line":25,"column":25}},{"start":{"line":25,"column":25},"end":{"line":25,"column":33}}],"line":25},"3":{"loc":{"start":{"line":65,"column":48},"end":{"line":65,"column":78}},"type":"default-arg","locations":[{"start":{"line":65,"column":67},"end":{"line":65,"column":78}}],"line":65},"4":{"loc":{"start":{"line":68,"column":6},"end":{"line":71,"column":null}},"type":"if","locations":[{"start":{"line":68,"column":6},"end":{"line":71,"column":null}},{"start":{"line":70,"column":17},"end":{"line":71,"column":null}}],"line":68},"5":{"loc":{"start":{"line":70,"column":17},"end":{"line":71,"column":null}},"type":"if","locations":[{"start":{"line":70,"column":17},"end":{"line":71,"column":null}},{"start":{},"end":{}}],"line":70}},"s":{"0":2,"1":2,"2":1,"3":1,"4":1,"5":1,"6":8,"7":2,"8":2,"9":8,"10":8,"11":7,"12":7,"13":8,"14":1,"15":1,"16":3,"17":3,"18":3,"19":3,"20":3,"21":7,"22":7,"23":7,"24":7,"25":12,"26":12,"27":12,"28":12,"29":12,"30":12,"31":12,"32":12,"33":12,"34":12,"35":12,"36":12,"37":1,"38":1,"39":1,"40":4,"41":0,"42":4,"43":4,"44":1,"45":1,"46":1,"47":1,"48":1,"49":4,"50":4,"51":1},"f":{"0":1,"1":1,"2":1},"b":{"0":[1,1],"1":[2,6],"2":[8,14],"3":[1],"4":[0,4],"5":[4,0]},"meta":{"lastBranch":6,"lastFunction":3,"lastStatement":52,"seen":{"f:13:16:13:20":0,"s:14:14:14:Infinity":0,"b:15:4:15:Infinity:undefined:undefined:undefined:undefined":0,"s:15:4:15:Infinity":1,"s:15:29:15:Infinity":2,"s:18:12:18:Infinity":3,"s:19:4:29:Infinity":4,"s:19:17:19:20":5,"b:20:8:22:Infinity:undefined:undefined:undefined:undefined":1,"s:20:8:22:Infinity":6,"s:21:12:21:Infinity":7,"s:22:12:22:Infinity":8,"s:24:16:24:Infinity":9,"s:25:8:27:Infinity":10,"b:25:15:25:25:25:25:25:33":2,"s:26:12:26:Infinity":11,"s:27:12:27:Infinity":12,"s:29:8:29:Infinity":13,"s:33:4:56:Infinity":14,"s:33:19:33:22":15,"s:34:21:34:Infinity":16,"s:35:26:35:39":17,"s:36:26:36:40":18,"s:38:8:56:Infinity":19,"s:38:21:38:24":20,"s:39:25:39:Infinity":21,"s:40:25:40:Infinity":22,"s:41:12:56:Infinity":23,"s:41:25:41:28":24,"s:42:31:42:Infinity":25,"s:43:31:43:Infinity":26,"s:45:30:45:Infinity":27,"s:46:31:46:Infinity":28,"s:47:31:47:Infinity":29,"s:49:16:49:Infinity":30,"s:50:16:50:Infinity":31,"s:51:16:51:Infinity":32,"s:52:16:52:Infinity":33,"s:54:33:54:Infinity":34,"s:55:16:55:Infinity":35,"s:56:16:56:Infinity":36,"f:65:16:65:28":1,"b:65:67:65:78":3,"s:66:14:66:Infinity":37,"s:67:4:71:Infinity":38,"s:67:17:67:20":39,"b:68:6:71:Infinity:70:17:71:Infinity":4,"s:68:6:71:Infinity":40,"s:69:8:69:Infinity":41,"b:70:17:71:Infinity:undefined:undefined:undefined:undefined":5,"s:70:17:71:Infinity":42,"s:71:8:71:Infinity":43,"s:74:4:74:Infinity":44,"f:80:16:80:35":2,"s:81:14:81:Infinity":45,"s:82:16:82:39":46,"s:83:4:86:Infinity":47,"s:83:17:83:20":48,"s:84:24:84:Infinity":49,"s:86:6:86:Infinity":50,"s:88:4:88:Infinity":51}}}
,"C:\\Users\\sercan.sak\\projects\\uart\\src\\engines\\ExportEngine.ts": {"path":"C:\\Users\\sercan.sak\\projects\\uart\\src\\engines\\ExportEngine.ts","statementMap":{"0":{"start":{"line":11,"column":14},"end":{"line":11,"column":39}},"1":{"start":{"line":12,"column":12},"end":{"line":12,"column":39}},"2":{"start":{"line":13,"column":2},"end":{"line":13,"column":null}},"3":{"start":{"line":14,"column":2},"end":{"line":14,"column":null}},"4":{"start":{"line":15,"column":2},"end":{"line":15,"column":null}},"5":{"start":{"line":16,"column":2},"end":{"line":16,"column":null}},"6":{"start":{"line":17,"column":2},"end":{"line":17,"column":null}},"7":{"start":{"line":18,"column":2},"end":{"line":18,"column":null}},"8":{"start":{"line":30,"column":2},"end":{"line":30,"column":null}},"9":{"start":{"line":30,"column":27},"end":{"line":30,"column":null}},"10":{"start":{"line":32,"column":21},"end":{"line":32,"column":61}},"11":{"start":{"line":32,"column":48},"end":{"line":32,"column":55}},"12":{"start":{"line":35,"column":21},"end":{"line":44,"column":null}},"13":{"start":{"line":42,"column":29},"end":{"line":42,"column":42}},"14":{"start":{"line":43,"column":29},"end":{"line":43,"column":null}},"15":{"start":{"line":46,"column":18},"end":{"line":46,"column":null}},"16":{"start":{"line":48,"column":15},"end":{"line":76,"column":null}},"17":{"start":{"line":49,"column":48},"end":{"line":49,"column":50}},"18":{"start":{"line":50,"column":48},"end":{"line":50,"column":50}},"19":{"start":{"line":51,"column":4},"end":{"line":54,"column":null}},"20":{"start":{"line":52,"column":6},"end":{"line":52,"column":null}},"21":{"start":{"line":53,"column":6},"end":{"line":53,"column":null}},"22":{"start":{"line":56,"column":17},"end":{"line":65,"column":null}},"23":{"start":{"line":63,"column":31},"end":{"line":63,"column":52}},"24":{"start":{"line":64,"column":31},"end":{"line":64,"column":null}},"25":{"start":{"line":68,"column":4},"end":{"line":75,"column":null}},"26":{"start":{"line":70,"column":8},"end":{"line":71,"column":null}},"27":{"start":{"line":71,"column":10},"end":{"line":71,"column":null}},"28":{"start":{"line":73,"column":8},"end":{"line":73,"column":null}},"29":{"start":{"line":78,"column":14},"end":{"line":78,"column":58}},"30":{"start":{"line":79,"column":15},"end":{"line":79,"column":78}},"31":{"start":{"line":80,"column":13},"end":{"line":80,"column":72}},"32":{"start":{"line":81,"column":2},"end":{"line":81,"column":null}},"33":{"start":{"line":90,"column":19},"end":{"line":90,"column":null}},"34":{"start":{"line":91,"column":27},"end":{"line":91,"column":null}},"35":{"start":{"line":92,"column":27},"end":{"line":92,"column":null}},"36":{"start":{"line":93,"column":22},"end":{"line":93,"column":null}},"37":{"start":{"line":94,"column":21},"end":{"line":94,"column":null}},"38":{"start":{"line":95,"column":21},"end":{"line":95,"column":null}},"39":{"start":{"line":96,"column":22},"end":{"line":96,"column":null}},"40":{"start":{"line":99,"column":2},"end":{"line":99,"column":null}},"41":{"start":{"line":102,"column":2},"end":{"line":102,"column":null}},"42":{"start":{"line":109,"column":2},"end":{"line":109,"column":null}},"43":{"start":{"line":109,"column":27},"end":{"line":109,"column":null}},"44":{"start":{"line":112,"column":29},"end":{"line":112,"column":null}},"45":{"start":{"line":114,"column":29},"end":{"line":114,"column":null}},"46":{"start":{"line":116,"column":25},"end":{"line":116,"column":74}},"47":{"start":{"line":116,"column":49},"end":{"line":116,"column":72}},"48":{"start":{"line":117,"column":20},"end":{"line":117,"column":null}},"49":{"start":{"line":119,"column":17},"end":{"line":119,"column":43}},"50":{"start":{"line":120,"column":15},"end":{"line":120,"column":35}},"51":{"start":{"line":121,"column":15},"end":{"line":121,"column":null}},"52":{"start":{"line":124,"column":2},"end":{"line":124,"column":43}},"53":{"start":{"line":124,"column":43},"end":{"line":124,"column":null}},"54":{"start":{"line":125,"column":2},"end":{"line":125,"column":51}},"55":{"start":{"line":125,"column":51},"end":{"line":125,"column":null}},"56":{"start":{"line":126,"column":2},"end":{"line":126,"column":51}},"57":{"start":{"line":126,"column":51},"end":{"line":126,"column":null}},"58":{"start":{"line":127,"column":2},"end":{"line":127,"column":46}},"59":{"start":{"line":127,"column":46},"end":{"line":127,"column":null}},"60":{"start":{"line":128,"column":2},"end":{"line":128,"column":45}},"61":{"start":{"line":128,"column":45},"end":{"line":128,"column":null}},"62":{"start":{"line":129,"column":2},"end":{"line":129,"column":45}},"63":{"start":{"line":129,"column":45},"end":{"line":129,"column":null}},"64":{"start":{"line":130,"column":2},"end":{"line":130,"column":46}},"65":{"start":{"line":130,"column":46},"end":{"line":130,"column":null}},"66":{"start":{"line":133,"column":2},"end":{"line":144,"column":null}},"67":{"start":{"line":134,"column":18},"end":{"line":134,"column":54}},"68":{"start":{"line":135,"column":20},"end":{"line":135,"column":null}},"69":{"start":{"line":136,"column":16},"end":{"line":136,"column":null}},"70":{"start":{"line":138,"column":4},"end":{"line":138,"column":40}},"71":{"start":{"line":138,"column":40},"end":{"line":138,"column":null}},"72":{"start":{"line":139,"column":4},"end":{"line":139,"column":41}},"73":{"start":{"line":139,"column":41},"end":{"line":139,"column":null}},"74":{"start":{"line":140,"column":4},"end":{"line":140,"column":38}},"75":{"start":{"line":140,"column":38},"end":{"line":140,"column":null}},"76":{"start":{"line":141,"column":4},"end":{"line":141,"column":38}},"77":{"start":{"line":141,"column":38},"end":{"line":141,"column":null}},"78":{"start":{"line":143,"column":4},"end":{"line":144,"column":null}},"79":{"start":{"line":143,"column":17},"end":{"line":143,"column":20}},"80":{"start":{"line":144,"column":6},"end":{"line":144,"column":null}},"81":{"start":{"line":148,"column":15},"end":{"line":148,"column":71}},"82":{"start":{"line":149,"column":13},"end":{"line":149,"column":72}},"83":{"start":{"line":150,"column":2},"end":{"line":150,"column":null}},"84":{"start":{"line":162,"column":18},"end":{"line":169,"column":null}},"85":{"start":{"line":170,"column":15},"end":{"line":170,"column":89}},"86":{"start":{"line":171,"column":13},"end":{"line":171,"column":72}},"87":{"start":{"line":172,"column":2},"end":{"line":172,"column":null}},"88":{"start":{"line":194,"column":2},"end":{"line":207,"column":null}},"89":{"start":{"line":195,"column":4},"end":{"line":207,"column":null}},"90":{"start":{"line":210,"column":50},"end":{"line":210,"column":52}},"91":{"start":{"line":211,"column":20},"end":{"line":211,"column":null}},"92":{"start":{"line":212,"column":17},"end":{"line":212,"column":null}},"93":{"start":{"line":213,"column":19},"end":{"line":213,"column":null}},"94":{"start":{"line":214,"column":17},"end":{"line":214,"column":null}},"95":{"start":{"line":215,"column":17},"end":{"line":215,"column":null}},"96":{"start":{"line":217,"column":2},"end":{"line":227,"column":null}},"97":{"start":{"line":218,"column":4},"end":{"line":218,"column":null}},"98":{"start":{"line":219,"column":4},"end":{"line":219,"column":null}},"99":{"start":{"line":219,"column":38},"end":{"line":219,"column":null}},"100":{"start":{"line":220,"column":4},"end":{"line":220,"column":null}},"101":{"start":{"line":220,"column":38},"end":{"line":220,"column":null}},"102":{"start":{"line":222,"column":4},"end":{"line":227,"column":null}},"103":{"start":{"line":223,"column":6},"end":{"line":223,"column":null}},"104":{"start":{"line":224,"column":6},"end":{"line":227,"column":null}},"105":{"start":{"line":225,"column":8},"end":{"line":225,"column":null}},"106":{"start":{"line":226,"column":8},"end":{"line":227,"column":null}},"107":{"start":{"line":227,"column":10},"end":{"line":227,"column":null}},"108":{"start":{"line":234,"column":4},"end":{"line":234,"column":null}},"109":{"start":{"line":235,"column":15},"end":{"line":235,"column":null}},"110":{"start":{"line":237,"column":23},"end":{"line":240,"column":5}},"111":{"start":{"line":237,"column":42},"end":{"line":240,"column":5}},"112":{"start":{"line":242,"column":2},"end":{"line":254,"column":null}}},"fnMap":{"0":{"name":"downloadBlob","decl":{"start":{"line":10,"column":9},"end":{"line":10,"column":22}},"loc":{"start":{"line":10,"column":58},"end":{"line":18,"column":null}},"line":10},"1":{"name":"exportToCSV","decl":{"start":{"line":25,"column":16},"end":{"line":25,"column":null}},"loc":{"start":{"line":29,"column":8},"end":{"line":81,"column":null}},"line":29},"2":{"name":"(anonymous_2)","decl":{"start":{"line":32,"column":37},"end":{"line":32,"column":42}},"loc":{"start":{"line":32,"column":48},"end":{"line":32,"column":55}},"line":32},"3":{"name":"(anonymous_3)","decl":{"start":{"line":42,"column":18},"end":{"line":42,"column":23}},"loc":{"start":{"line":42,"column":29},"end":{"line":42,"column":42}},"line":42},"4":{"name":"(anonymous_4)","decl":{"start":{"line":43,"column":18},"end":{"line":43,"column":23}},"loc":{"start":{"line":43,"column":29},"end":{"line":43,"column":null}},"line":43},"5":{"name":"(anonymous_5)","decl":{"start":{"line":48,"column":22},"end":{"line":48,"column":27}},"loc":{"start":{"line":48,"column":33},"end":{"line":76,"column":null}},"line":48},"6":{"name":"(anonymous_6)","decl":{"start":{"line":51,"column":13},"end":{"line":51,"column":22}},"loc":{"start":{"line":51,"column":29},"end":{"line":54,"column":null}},"line":51},"7":{"name":"(anonymous_7)","decl":{"start":{"line":63,"column":20},"end":{"line":63,"column":25}},"loc":{"start":{"line":63,"column":31},"end":{"line":63,"column":52}},"line":63},"8":{"name":"(anonymous_8)","decl":{"start":{"line":64,"column":20},"end":{"line":64,"column":25}},"loc":{"start":{"line":64,"column":31},"end":{"line":64,"column":null}},"line":64},"9":{"name":"(anonymous_9)","decl":{"start":{"line":69,"column":7},"end":{"line":69,"column":12}},"loc":{"start":{"line":69,"column":18},"end":{"line":74,"column":null}},"line":69},"10":{"name":"writeUint32LE","decl":{"start":{"line":98,"column":9},"end":{"line":98,"column":23}},"loc":{"start":{"line":98,"column":76},"end":{"line":99,"column":null}},"line":98},"11":{"name":"writeUint16LE","decl":{"start":{"line":101,"column":9},"end":{"line":101,"column":23}},"loc":{"start":{"line":101,"column":76},"end":{"line":102,"column":null}},"line":101},"12":{"name":"exportToPCAP","decl":{"start":{"line":105,"column":16},"end":{"line":105,"column":null}},"loc":{"start":{"line":108,"column":8},"end":{"line":150,"column":null}},"line":108},"13":{"name":"(anonymous_13)","decl":{"start":{"line":116,"column":32},"end":{"line":116,"column":40}},"loc":{"start":{"line":116,"column":49},"end":{"line":116,"column":72}},"line":116},"14":{"name":"exportToJSON","decl":{"start":{"line":157,"column":16},"end":{"line":157,"column":null}},"loc":{"start":{"line":161,"column":8},"end":{"line":172,"column":null}},"line":161},"15":{"name":"computeErrorStats","decl":{"start":{"line":193,"column":16},"end":{"line":193,"column":34}},"loc":{"start":{"line":193,"column":72},"end":{"line":254,"column":null}},"line":193},"16":{"name":"(anonymous_16)","decl":{"start":{"line":237,"column":30},"end":{"line":237,"column":35}},"loc":{"start":{"line":237,"column":42},"end":{"line":240,"column":5}},"line":237}},"branchMap":{"0":{"loc":{"start":{"line":28,"column":2},"end":{"line":28,"column":null}},"type":"default-arg","locations":[{"start":{"line":28,"column":13},"end":{"line":28,"column":null}}],"line":28},"1":{"loc":{"start":{"line":30,"column":2},"end":{"line":30,"column":null}},"type":"if","locations":[{"start":{"line":30,"column":2},"end":{"line":30,"column":null}},{"start":{},"end":{}}],"line":30},"2":{"loc":{"start":{"line":32,"column":21},"end":{"line":32,"column":61}},"type":"binary-expr","locations":[{"start":{"line":32,"column":21},"end":{"line":32,"column":55}},{"start":{"line":32,"column":59},"end":{"line":32,"column":61}}],"line":32},"3":{"loc":{"start":{"line":46,"column":18},"end":{"line":46,"column":null}},"type":"binary-expr","locations":[{"start":{"line":46,"column":18},"end":{"line":46,"column":44}},{"start":{"line":46,"column":44},"end":{"line":46,"column":null}}],"line":46},"4":{"loc":{"start":{"line":63,"column":31},"end":{"line":63,"column":52}},"type":"binary-expr","locations":[{"start":{"line":63,"column":31},"end":{"line":63,"column":49}},{"start":{"line":63,"column":49},"end":{"line":63,"column":52}}],"line":63},"5":{"loc":{"start":{"line":64,"column":31},"end":{"line":64,"column":null}},"type":"binary-expr","locations":[{"start":{"line":64,"column":31},"end":{"line":64,"column":49}},{"start":{"line":64,"column":49},"end":{"line":64,"column":null}}],"line":64},"6":{"loc":{"start":{"line":70,"column":8},"end":{"line":71,"column":null}},"type":"if","locations":[{"start":{"line":70,"column":8},"end":{"line":71,"column":null}},{"start":{},"end":{}}],"line":70},"7":{"loc":{"start":{"line":70,"column":12},"end":{"line":70,"column":66}},"type":"binary-expr","locations":[{"start":{"line":70,"column":12},"end":{"line":70,"column":27}},{"start":{"line":70,"column":31},"end":{"line":70,"column":46}},{"start":{"line":70,"column":50},"end":{"line":70,"column":66}}],"line":70},"8":{"loc":{"start":{"line":107,"column":2},"end":{"line":107,"column":null}},"type":"default-arg","locations":[{"start":{"line":107,"column":13},"end":{"line":107,"column":null}}],"line":107},"9":{"loc":{"start":{"line":109,"column":2},"end":{"line":109,"column":null}},"type":"if","locations":[{"start":{"line":109,"column":2},"end":{"line":109,"column":null}},{"start":{},"end":{}}],"line":109},"10":{"loc":{"start":{"line":160,"column":2},"end":{"line":160,"column":null}},"type":"default-arg","locations":[{"start":{"line":160,"column":13},"end":{"line":160,"column":null}}],"line":160},"11":{"loc":{"start":{"line":164,"column":17},"end":{"line":164,"column":null}},"type":"binary-expr","locations":[{"start":{"line":164,"column":17},"end":{"line":164,"column":34}},{"start":{"line":164,"column":34},"end":{"line":164,"column":null}}],"line":164},"12":{"loc":{"start":{"line":165,"column":14},"end":{"line":165,"column":null}},"type":"binary-expr","locations":[{"start":{"line":165,"column":14},"end":{"line":165,"column":35}},{"start":{"line":165,"column":35},"end":{"line":165,"column":null}}],"line":165},"13":{"loc":{"start":{"line":167,"column":16},"end":{"line":167,"column":null}},"type":"cond-expr","locations":[{"start":{"line":167,"column":36},"end":{"line":167,"column":100}},{"start":{"line":167,"column":100},"end":{"line":167,"column":null}}],"line":167},"14":{"loc":{"start":{"line":194,"column":2},"end":{"line":207,"column":null}},"type":"if","locations":[{"start":{"line":194,"column":2},"end":{"line":207,"column":null}},{"start":{},"end":{}}],"line":194},"15":{"loc":{"start":{"line":219,"column":4},"end":{"line":219,"column":null}},"type":"if","locations":[{"start":{"line":219,"column":4},"end":{"line":219,"column":null}},{"start":{},"end":{}}],"line":219},"16":{"loc":{"start":{"line":220,"column":4},"end":{"line":220,"column":null}},"type":"if","locations":[{"start":{"line":220,"column":4},"end":{"line":220,"column":null}},{"start":{},"end":{}}],"line":220},"17":{"loc":{"start":{"line":222,"column":4},"end":{"line":227,"column":null}},"type":"if","locations":[{"start":{"line":222,"column":4},"end":{"line":227,"column":null}},{"start":{},"end":{}}],"line":222},"18":{"loc":{"start":{"line":225,"column":32},"end":{"line":225,"column":61}},"type":"binary-expr","locations":[{"start":{"line":225,"column":32},"end":{"line":225,"column":56}},{"start":{"line":225,"column":56},"end":{"line":225,"column":61}}],"line":225},"19":{"loc":{"start":{"line":226,"column":8},"end":{"line":227,"column":null}},"type":"if","locations":[{"start":{"line":226,"column":8},"end":{"line":227,"column":null}},{"start":{},"end":{}}],"line":226},"20":{"loc":{"start":{"line":226,"column":12},"end":{"line":226,"column":87}},"type":"binary-expr","locations":[{"start":{"line":226,"column":12},"end":{"line":226,"column":45}},{"start":{"line":226,"column":49},"end":{"line":226,"column":87}}],"line":226},"21":{"loc":{"start":{"line":234,"column":4},"end":{"line":234,"column":null}},"type":"binary-expr","locations":[{"start":{"line":234,"column":4},"end":{"line":234,"column":69}},{"start":{"line":234,"column":69},"end":{"line":234,"column":null}}],"line":234},"22":{"loc":{"start":{"line":247,"column":17},"end":{"line":247,"column":null}},"type":"cond-expr","locations":[{"start":{"line":247,"column":35},"end":{"line":247,"column":60}},{"start":{"line":247,"column":60},"end":{"line":247,"column":null}}],"line":247},"23":{"loc":{"start":{"line":249,"column":18},"end":{"line":249,"column":null}},"type":"cond-expr","locations":[{"start":{"line":249,"column":42},"end":{"line":249,"column":46}},{"start":{"line":249,"column":46},"end":{"line":249,"column":null}}],"line":249}},"s":{"0":5,"1":5,"2":5,"3":5,"4":5,"5":5,"6":5,"7":5,"8":3,"9":1,"10":2,"11":2,"12":3,"13":2,"14":2,"15":3,"16":3,"17":2,"18":2,"19":2,"20":2,"21":2,"22":2,"23":2,"24":2,"25":2,"26":16,"27":1,"28":15,"29":3,"30":3,"31":3,"32":3,"33":1,"34":1,"35":1,"36":1,"37":1,"38":1,"39":1,"40":9,"41":2,"42":1,"43":0,"44":1,"45":1,"46":1,"47":1,"48":1,"49":1,"50":1,"51":1,"52":1,"53":1,"54":1,"55":1,"56":1,"57":1,"58":1,"59":1,"60":1,"61":1,"62":1,"63":1,"64":1,"65":1,"66":1,"67":1,"68":1,"69":1,"70":1,"71":1,"72":1,"73":1,"74":1,"75":1,"76":1,"77":1,"78":1,"79":1,"80":2,"81":1,"82":1,"83":1,"84":2,"85":2,"86":2,"87":2,"88":3,"89":1,"90":2,"91":2,"92":2,"93":2,"94":2,"95":2,"96":2,"97":5,"98":5,"99":2,"100":5,"101":3,"102":5,"103":4,"104":4,"105":4,"106":4,"107":1,"108":2,"109":3,"110":3,"111":5,"112":3},"f":{"0":5,"1":3,"2":2,"3":2,"4":2,"5":2,"6":2,"7":2,"8":2,"9":16,"10":9,"11":2,"12":1,"13":1,"14":2,"15":3,"16":5},"b":{"0":[3],"1":[1,2],"2":[2,0],"3":[3,0],"4":[2,0],"5":[2,0],"6":[1,15],"7":[16,15,15],"8":[1],"9":[0,1],"10":[2],"11":[2,2],"12":[2,2],"13":[2,0],"14":[1,2],"15":[2,3],"16":[3,2],"17":[4,1],"18":[4,3],"19":[1,3],"20":[4,4],"21":[2,0],"22":[2,0],"23":[0,2]},"meta":{"lastBranch":24,"lastFunction":17,"lastStatement":113,"seen":{"f:10:9:10:22":0,"s:11:14:11:39":0,"s:12:12:12:39":1,"s:13:2:13:Infinity":2,"s:14:2:14:Infinity":3,"s:15:2:15:Infinity":4,"s:16:2:16:Infinity":5,"s:17:2:17:Infinity":6,"s:18:2:18:Infinity":7,"f:25:16:25:Infinity":1,"b:28:13:28:Infinity":0,"b:30:2:30:Infinity:undefined:undefined:undefined:undefined":1,"s:30:2:30:Infinity":8,"s:30:27:30:Infinity":9,"s:32:21:32:61":10,"b:32:21:32:55:32:59:32:61":2,"f:32:37:32:42":2,"s:32:48:32:55":11,"s:35:21:44:Infinity":12,"f:42:18:42:23":3,"s:42:29:42:42":13,"f:43:18:43:23":4,"s:43:29:43:Infinity":14,"s:46:18:46:Infinity":15,"b:46:18:46:44:46:44:46:Infinity":3,"s:48:15:76:Infinity":16,"f:48:22:48:27":5,"s:49:48:49:50":17,"s:50:48:50:50":18,"s:51:4:54:Infinity":19,"f:51:13:51:22":6,"s:52:6:52:Infinity":20,"s:53:6:53:Infinity":21,"s:56:17:65:Infinity":22,"f:63:20:63:25":7,"s:63:31:63:52":23,"b:63:31:63:49:63:49:63:52":4,"f:64:20:64:25":8,"s:64:31:64:Infinity":24,"b:64:31:64:49:64:49:64:Infinity":5,"s:68:4:75:Infinity":25,"f:69:7:69:12":9,"b:70:8:71:Infinity:undefined:undefined:undefined:undefined":6,"s:70:8:71:Infinity":26,"b:70:12:70:27:70:31:70:46:70:50:70:66":7,"s:71:10:71:Infinity":27,"s:73:8:73:Infinity":28,"s:78:14:78:58":29,"s:79:15:79:78":30,"s:80:13:80:72":31,"s:81:2:81:Infinity":32,"s:90:19:90:Infinity":33,"s:91:27:91:Infinity":34,"s:92:27:92:Infinity":35,"s:93:22:93:Infinity":36,"s:94:21:94:Infinity":37,"s:95:21:95:Infinity":38,"s:96:22:96:Infinity":39,"f:98:9:98:23":10,"s:99:2:99:Infinity":40,"f:101:9:101:23":11,"s:102:2:102:Infinity":41,"f:105:16:105:Infinity":12,"b:107:13:107:Infinity":8,"b:109:2:109:Infinity:undefined:undefined:undefined:undefined":9,"s:109:2:109:Infinity":42,"s:109:27:109:Infinity":43,"s:112:29:112:Infinity":44,"s:114:29:114:Infinity":45,"s:116:25:116:74":46,"f:116:32:116:40":13,"s:116:49:116:72":47,"s:117:20:117:Infinity":48,"s:119:17:119:43":49,"s:120:15:120:35":50,"s:121:15:121:Infinity":51,"s:124:2:124:43":52,"s:124:43:124:Infinity":53,"s:125:2:125:51":54,"s:125:51:125:Infinity":55,"s:126:2:126:51":56,"s:126:51:126:Infinity":57,"s:127:2:127:46":58,"s:127:46:127:Infinity":59,"s:128:2:128:45":60,"s:128:45:128:Infinity":61,"s:129:2:129:45":62,"s:129:45:129:Infinity":63,"s:130:2:130:46":64,"s:130:46:130:Infinity":65,"s:133:2:144:Infinity":66,"s:134:18:134:54":67,"s:135:20:135:Infinity":68,"s:136:16:136:Infinity":69,"s:138:4:138:40":70,"s:138:40:138:Infinity":71,"s:139:4:139:41":72,"s:139:41:139:Infinity":73,"s:140:4:140:38":74,"s:140:38:140:Infinity":75,"s:141:4:141:38":76,"s:141:38:141:Infinity":77,"s:143:4:144:Infinity":78,"s:143:17:143:20":79,"s:144:6:144:Infinity":80,"s:148:15:148:71":81,"s:149:13:149:72":82,"s:150:2:150:Infinity":83,"f:157:16:157:Infinity":14,"b:160:13:160:Infinity":10,"s:162:18:169:Infinity":84,"b:164:17:164:34:164:34:164:Infinity":11,"b:165:14:165:35:165:35:165:Infinity":12,"b:167:36:167:100:167:100:167:Infinity":13,"s:170:15:170:89":85,"s:171:13:171:72":86,"s:172:2:172:Infinity":87,"f:193:16:193:34":15,"b:194:2:207:Infinity:undefined:undefined:undefined:undefined":14,"s:194:2:207:Infinity":88,"s:195:4:207:Infinity":89,"s:210:50:210:52":90,"s:211:20:211:Infinity":91,"s:212:17:212:Infinity":92,"s:213:19:213:Infinity":93,"s:214:17:214:Infinity":94,"s:215:17:215:Infinity":95,"s:217:2:227:Infinity":96,"s:218:4:218:Infinity":97,"b:219:4:219:Infinity:undefined:undefined:undefined:undefined":15,"s:219:4:219:Infinity":98,"s:219:38:219:Infinity":99,"b:220:4:220:Infinity:undefined:undefined:undefined:undefined":16,"s:220:4:220:Infinity":100,"s:220:38:220:Infinity":101,"b:222:4:227:Infinity:undefined:undefined:undefined:undefined":17,"s:222:4:227:Infinity":102,"s:223:6:223:Infinity":103,"s:224:6:227:Infinity":104,"s:225:8:225:Infinity":105,"b:225:32:225:56:225:56:225:61":18,"b:226:8:227:Infinity:undefined:undefined:undefined:undefined":19,"s:226:8:227:Infinity":106,"b:226:12:226:45:226:49:226:87":20,"s:227:10:227:Infinity":107,"s:234:4:234:Infinity":108,"b:234:4:234:69:234:69:234:Infinity":21,"s:235:15:235:Infinity":109,"s:237:23:240:5":110,"f:237:30:237:35":16,"s:237:42:240:5":111,"s:242:2:254:Infinity":112,"b:247:35:247:60:247:60:247:Infinity":22,"b:249:42:249:46:249:46:249:Infinity":23}}}
,"C:\\Users\\sercan.sak\\projects\\uart\\src\\engines\\ExpressionEvaluator.ts": {"path":"C:\\Users\\sercan.sak\\projects\\uart\\src\\engines\\ExpressionEvaluator.ts","statementMap":{"0":{"start":{"line":12,"column":2},"end":{"line":43,"column":null}},"1":{"start":{"line":15,"column":23},"end":{"line":15,"column":42}},"2":{"start":{"line":16,"column":24},"end":{"line":16,"column":45}},"3":{"start":{"line":19,"column":21},"end":{"line":25,"column":null}},"4":{"start":{"line":22,"column":20},"end":{"line":22,"column":44}},"5":{"start":{"line":23,"column":8},"end":{"line":23,"column":null}},"6":{"start":{"line":28,"column":23},"end":{"line":28,"column":60}},"7":{"start":{"line":28,"column":48},"end":{"line":28,"column":60}},"8":{"start":{"line":29,"column":24},"end":{"line":29,"column":null}},"9":{"start":{"line":32,"column":15},"end":{"line":35,"column":null}},"10":{"start":{"line":38,"column":19},"end":{"line":38,"column":43}},"11":{"start":{"line":40,"column":4},"end":{"line":40,"column":null}},"12":{"start":{"line":40,"column":53},"end":{"line":40,"column":null}},"13":{"start":{"line":41,"column":4},"end":{"line":41,"column":null}},"14":{"start":{"line":43,"column":4},"end":{"line":43,"column":null}}},"fnMap":{"0":{"name":"evaluateExpression","decl":{"start":{"line":6,"column":16},"end":{"line":6,"column":null}},"loc":{"start":{"line":11,"column":10},"end":{"line":43,"column":null}},"line":11},"1":{"name":"(anonymous_1)","decl":{"start":{"line":20,"column":6},"end":{"line":20,"column":null}},"loc":{"start":{"line":21,"column":19},"end":{"line":25,"column":null}},"line":21},"2":{"name":"(anonymous_2)","decl":{"start":{"line":28,"column":34},"end":{"line":28,"column":39}},"loc":{"start":{"line":28,"column":48},"end":{"line":28,"column":60}},"line":28}},"branchMap":{"0":{"loc":{"start":{"line":23,"column":15},"end":{"line":23,"column":null}},"type":"cond-expr","locations":[{"start":{"line":23,"column":26},"end":{"line":23,"column":42}},{"start":{"line":23,"column":42},"end":{"line":23,"column":null}}],"line":23},"1":{"loc":{"start":{"line":40,"column":4},"end":{"line":40,"column":null}},"type":"if","locations":[{"start":{"line":40,"column":4},"end":{"line":40,"column":null}},{"start":{},"end":{}}],"line":40},"2":{"loc":{"start":{"line":40,"column":8},"end":{"line":40,"column":51}},"type":"binary-expr","locations":[{"start":{"line":40,"column":8},"end":{"line":40,"column":38}},{"start":{"line":40,"column":38},"end":{"line":40,"column":51}}],"line":40}},"s":{"0":17,"1":17,"2":17,"3":17,"4":6,"5":6,"6":17,"7":16,"8":17,"9":17,"10":17,"11":17,"12":2,"13":13,"14":2},"f":{"0":17,"1":6,"2":16},"b":{"0":[5,1],"1":[2,15],"2":[17,14]},"meta":{"lastBranch":3,"lastFunction":3,"lastStatement":15,"seen":{"f:6:16:6:Infinity":0,"s:12:2:43:Infinity":0,"s:15:23:15:42":1,"s:16:24:16:45":2,"s:19:21:25:Infinity":3,"f:20:6:20:Infinity":1,"s:22:20:22:44":4,"s:23:8:23:Infinity":5,"b:23:26:23:42:23:42:23:Infinity":0,"s:28:23:28:60":6,"f:28:34:28:39":2,"s:28:48:28:60":7,"s:29:24:29:Infinity":8,"s:32:15:35:Infinity":9,"s:38:19:38:43":10,"b:40:4:40:Infinity:undefined:undefined:undefined:undefined":1,"s:40:4:40:Infinity":11,"b:40:8:40:38:40:38:40:51":2,"s:40:53:40:Infinity":12,"s:41:4:41:Infinity":13,"s:43:4:43:Infinity":14}}}
,"C:\\Users\\sercan.sak\\projects\\uart\\src\\engines\\FilterEngine.ts": {"path":"C:\\Users\\sercan.sak\\projects\\uart\\src\\engines\\FilterEngine.ts","statementMap":{"0":{"start":{"line":23,"column":4},"end":{"line":45,"column":null}},"1":{"start":{"line":24,"column":6},"end":{"line":24,"column":null}},"2":{"start":{"line":24,"column":43},"end":{"line":24,"column":null}},"3":{"start":{"line":29,"column":21},"end":{"line":29,"column":40}},"4":{"start":{"line":30,"column":28},"end":{"line":35,"column":null}},"5":{"start":{"line":31,"column":8},"end":{"line":35,"column":28}},"6":{"start":{"line":38,"column":6},"end":{"line":40,"column":null}},"7":{"start":{"line":40,"column":10},"end":{"line":40,"column":null}},"8":{"start":{"line":43,"column":6},"end":{"line":43,"column":null}},"9":{"start":{"line":45,"column":6},"end":{"line":45,"column":null}},"10":{"start":{"line":53,"column":4},"end":{"line":53,"column":null}},"11":{"start":{"line":53,"column":41},"end":{"line":53,"column":null}},"12":{"start":{"line":55,"column":4},"end":{"line":78,"column":null}},"13":{"start":{"line":56,"column":31},"end":{"line":56,"column":58}},"14":{"start":{"line":59,"column":23},"end":{"line":59,"column":null}},"15":{"start":{"line":60,"column":6},"end":{"line":64,"column":null}},"16":{"start":{"line":61,"column":28},"end":{"line":61,"column":64}},"17":{"start":{"line":62,"column":24},"end":{"line":62,"column":null}},"18":{"start":{"line":63,"column":24},"end":{"line":63,"column":null}},"19":{"start":{"line":64,"column":10},"end":{"line":64,"column":null}},"20":{"start":{"line":69,"column":22},"end":{"line":69,"column":50}},"21":{"start":{"line":71,"column":6},"end":{"line":74,"column":null}},"22":{"start":{"line":72,"column":27},"end":{"line":72,"column":45}},"23":{"start":{"line":73,"column":10},"end":{"line":73,"column":null}},"24":{"start":{"line":73,"column":43},"end":{"line":73,"column":100}},"25":{"start":{"line":77,"column":6},"end":{"line":77,"column":null}},"26":{"start":{"line":78,"column":6},"end":{"line":78,"column":null}},"27":{"start":{"line":83,"column":22},"end":{"line":83,"column":null}},"28":{"start":{"line":84,"column":19},"end":{"line":84,"column":null}},"29":{"start":{"line":85,"column":15},"end":{"line":85,"column":null}},"30":{"start":{"line":86,"column":16},"end":{"line":86,"column":null}},"31":{"start":{"line":88,"column":4},"end":{"line":94,"column":null}},"32":{"start":{"line":89,"column":8},"end":{"line":94,"column":null}},"33":{"start":{"line":90,"column":12},"end":{"line":90,"column":null}},"34":{"start":{"line":91,"column":26},"end":{"line":91,"column":45}},"35":{"start":{"line":92,"column":12},"end":{"line":92,"column":null}},"36":{"start":{"line":93,"column":12},"end":{"line":93,"column":null}},"37":{"start":{"line":94,"column":12},"end":{"line":94,"column":null}},"38":{"start":{"line":98,"column":4},"end":{"line":113,"column":null}},"39":{"start":{"line":100,"column":8},"end":{"line":101,"column":null}},"40":{"start":{"line":101,"column":12},"end":{"line":101,"column":null}},"41":{"start":{"line":105,"column":8},"end":{"line":106,"column":null}},"42":{"start":{"line":106,"column":12},"end":{"line":106,"column":null}},"43":{"start":{"line":108,"column":8},"end":{"line":108,"column":null}},"44":{"start":{"line":108,"column":32},"end":{"line":108,"column":null}},"45":{"start":{"line":109,"column":8},"end":{"line":109,"column":null}},"46":{"start":{"line":109,"column":32},"end":{"line":109,"column":null}},"47":{"start":{"line":112,"column":8},"end":{"line":113,"column":null}},"48":{"start":{"line":117,"column":16},"end":{"line":117,"column":59}},"49":{"start":{"line":118,"column":4},"end":{"line":118,"column":null}},"50":{"start":{"line":118,"column":27},"end":{"line":118,"column":null}},"51":{"start":{"line":121,"column":19},"end":{"line":121,"column":null}},"52":{"start":{"line":122,"column":22},"end":{"line":122,"column":null}},"53":{"start":{"line":124,"column":4},"end":{"line":136,"column":null}},"54":{"start":{"line":125,"column":19},"end":{"line":125,"column":null}},"55":{"start":{"line":126,"column":19},"end":{"line":126,"column":null}},"56":{"start":{"line":127,"column":18},"end":{"line":127,"column":null}},"57":{"start":{"line":128,"column":18},"end":{"line":128,"column":null}},"58":{"start":{"line":129,"column":19},"end":{"line":129,"column":null}},"59":{"start":{"line":130,"column":19},"end":{"line":130,"column":null}},"60":{"start":{"line":132,"column":25},"end":{"line":132,"column":70}},"61":{"start":{"line":133,"column":28},"end":{"line":133,"column":98}},"62":{"start":{"line":134,"column":12},"end":{"line":134,"column":null}},"63":{"start":{"line":136,"column":17},"end":{"line":136,"column":null}},"64":{"start":{"line":141,"column":18},"end":{"line":141,"column":null}},"65":{"start":{"line":142,"column":4},"end":{"line":142,"column":null}},"66":{"start":{"line":142,"column":16},"end":{"line":142,"column":null}},"67":{"start":{"line":145,"column":4},"end":{"line":153,"column":null}},"68":{"start":{"line":146,"column":19},"end":{"line":146,"column":null}},"69":{"start":{"line":147,"column":20},"end":{"line":147,"column":null}},"70":{"start":{"line":148,"column":21},"end":{"line":148,"column":null}},"71":{"start":{"line":149,"column":20},"end":{"line":149,"column":null}},"72":{"start":{"line":150,"column":23},"end":{"line":150,"column":null}},"73":{"start":{"line":151,"column":24},"end":{"line":151,"column":null}},"74":{"start":{"line":152,"column":21},"end":{"line":152,"column":null}},"75":{"start":{"line":153,"column":20},"end":{"line":153,"column":null}},"76":{"start":{"line":157,"column":4},"end":{"line":167,"column":null}},"77":{"start":{"line":158,"column":22},"end":{"line":158,"column":71}},"78":{"start":{"line":158,"column":55},"end":{"line":158,"column":70}},"79":{"start":{"line":159,"column":14},"end":{"line":159,"column":49}},"80":{"start":{"line":160,"column":8},"end":{"line":167,"column":null}},"81":{"start":{"line":161,"column":26},"end":{"line":161,"column":92}},"82":{"start":{"line":161,"column":43},"end":{"line":161,"column":91}},"83":{"start":{"line":162,"column":12},"end":{"line":162,"column":null}},"84":{"start":{"line":162,"column":23},"end":{"line":162,"column":null}},"85":{"start":{"line":165,"column":12},"end":{"line":167,"column":null}},"86":{"start":{"line":166,"column":16},"end":{"line":167,"column":null}},"87":{"start":{"line":167,"column":20},"end":{"line":167,"column":null}},"88":{"start":{"line":173,"column":4},"end":{"line":173,"column":null}}},"fnMap":{"0":{"name":"(anonymous_0)","decl":{"start":{"line":22,"column":9},"end":{"line":22,"column":18}},"loc":{"start":{"line":22,"column":48},"end":{"line":45,"column":null}},"line":22},"1":{"name":"(anonymous_1)","decl":{"start":{"line":30,"column":35},"end":{"line":30,"column":42}},"loc":{"start":{"line":31,"column":8},"end":{"line":35,"column":28}},"line":31},"2":{"name":"(anonymous_2)","decl":{"start":{"line":52,"column":9},"end":{"line":52,"column":18}},"loc":{"start":{"line":52,"column":87},"end":{"line":78,"column":null}},"line":52},"3":{"name":"(anonymous_3)","decl":{"start":{"line":71,"column":21},"end":{"line":71,"column":26}},"loc":{"start":{"line":71,"column":36},"end":{"line":74,"column":null}},"line":71},"4":{"name":"(anonymous_4)","decl":{"start":{"line":73,"column":26},"end":{"line":73,"column":32}},"loc":{"start":{"line":73,"column":43},"end":{"line":73,"column":100}},"line":73},"5":{"name":"(anonymous_5)","decl":{"start":{"line":82,"column":17},"end":{"line":82,"column":35}},"loc":{"start":{"line":82,"column":107},"end":{"line":136,"column":null}},"line":82},"6":{"name":"(anonymous_6)","decl":{"start":{"line":140,"column":17},"end":{"line":140,"column":31}},"loc":{"start":{"line":140,"column":133},"end":{"line":173,"column":null}},"line":140},"7":{"name":"(anonymous_7)","decl":{"start":{"line":158,"column":46},"end":{"line":158,"column":50}},"loc":{"start":{"line":158,"column":55},"end":{"line":158,"column":70}},"line":158},"8":{"name":"(anonymous_8)","decl":{"start":{"line":161,"column":33},"end":{"line":161,"column":38}},"loc":{"start":{"line":161,"column":43},"end":{"line":161,"column":91}},"line":161}},"branchMap":{"0":{"loc":{"start":{"line":24,"column":6},"end":{"line":24,"column":null}},"type":"if","locations":[{"start":{"line":24,"column":6},"end":{"line":24,"column":null}},{"start":{},"end":{}}],"line":24},"1":{"loc":{"start":{"line":24,"column":10},"end":{"line":24,"column":43}},"type":"binary-expr","locations":[{"start":{"line":24,"column":10},"end":{"line":24,"column":21}},{"start":{"line":24,"column":21},"end":{"line":24,"column":43}}],"line":24},"2":{"loc":{"start":{"line":31,"column":8},"end":{"line":35,"column":28}},"type":"binary-expr","locations":[{"start":{"line":31,"column":8},"end":{"line":31,"column":35}},{"start":{"line":32,"column":8},"end":{"line":32,"column":63}},{"start":{"line":33,"column":8},"end":{"line":33,"column":25}},{"start":{"line":34,"column":8},"end":{"line":34,"column":35}},{"start":{"line":35,"column":8},"end":{"line":35,"column":28}}],"line":31},"3":{"loc":{"start":{"line":38,"column":6},"end":{"line":40,"column":null}},"type":"if","locations":[{"start":{"line":38,"column":6},"end":{"line":40,"column":null}},{"start":{},"end":{}}],"line":38},"4":{"loc":{"start":{"line":38,"column":10},"end":{"line":38,"column":59}},"type":"binary-expr","locations":[{"start":{"line":38,"column":10},"end":{"line":38,"column":38}},{"start":{"line":38,"column":38},"end":{"line":38,"column":59}}],"line":38},"5":{"loc":{"start":{"line":53,"column":4},"end":{"line":53,"column":null}},"type":"if","locations":[{"start":{"line":53,"column":4},"end":{"line":53,"column":null}},{"start":{},"end":{}}],"line":53},"6":{"loc":{"start":{"line":53,"column":8},"end":{"line":53,"column":41}},"type":"binary-expr","locations":[{"start":{"line":53,"column":8},"end":{"line":53,"column":19}},{"start":{"line":53,"column":19},"end":{"line":53,"column":41}}],"line":53},"7":{"loc":{"start":{"line":60,"column":6},"end":{"line":64,"column":null}},"type":"if","locations":[{"start":{"line":60,"column":6},"end":{"line":64,"column":null}},{"start":{},"end":{}}],"line":60},"8":{"loc":{"start":{"line":60,"column":10},"end":{"line":60,"column":126}},"type":"binary-expr","locations":[{"start":{"line":60,"column":10},"end":{"line":60,"column":44}},{"start":{"line":60,"column":48},"end":{"line":60,"column":86}},{"start":{"line":60,"column":90},"end":{"line":60,"column":126}}],"line":60},"9":{"loc":{"start":{"line":62,"column":24},"end":{"line":62,"column":null}},"type":"binary-expr","locations":[{"start":{"line":62,"column":24},"end":{"line":62,"column":77}},{"start":{"line":62,"column":81},"end":{"line":62,"column":null}}],"line":62},"10":{"loc":{"start":{"line":63,"column":24},"end":{"line":63,"column":null}},"type":"binary-expr","locations":[{"start":{"line":63,"column":24},"end":{"line":63,"column":77}},{"start":{"line":63,"column":81},"end":{"line":63,"column":null}}],"line":63},"11":{"loc":{"start":{"line":64,"column":17},"end":{"line":64,"column":71}},"type":"binary-expr","locations":[{"start":{"line":64,"column":17},"end":{"line":64,"column":42}},{"start":{"line":64,"column":46},"end":{"line":64,"column":71}}],"line":64},"12":{"loc":{"start":{"line":89,"column":8},"end":{"line":94,"column":null}},"type":"if","locations":[{"start":{"line":89,"column":8},"end":{"line":94,"column":null}},{"start":{},"end":{}}],"line":89},"13":{"loc":{"start":{"line":98,"column":4},"end":{"line":113,"column":null}},"type":"if","locations":[{"start":{"line":98,"column":4},"end":{"line":113,"column":null}},{"start":{},"end":{}}],"line":98},"14":{"loc":{"start":{"line":100,"column":8},"end":{"line":101,"column":null}},"type":"if","locations":[{"start":{"line":100,"column":8},"end":{"line":101,"column":null}},{"start":{},"end":{}}],"line":100},"15":{"loc":{"start":{"line":105,"column":8},"end":{"line":106,"column":null}},"type":"if","locations":[{"start":{"line":105,"column":8},"end":{"line":106,"column":null}},{"start":{},"end":{}}],"line":105},"16":{"loc":{"start":{"line":105,"column":12},"end":{"line":105,"column":58}},"type":"binary-expr","locations":[{"start":{"line":105,"column":12},"end":{"line":105,"column":37}},{"start":{"line":105,"column":37},"end":{"line":105,"column":58}}],"line":105},"17":{"loc":{"start":{"line":106,"column":12},"end":{"line":106,"column":null}},"type":"binary-expr","locations":[{"start":{"line":106,"column":20},"end":{"line":106,"column":54}},{"start":{"line":106,"column":54},"end":{"line":106,"column":89}},{"start":{"line":106,"column":89},"end":{"line":106,"column":null}}],"line":106},"18":{"loc":{"start":{"line":108,"column":8},"end":{"line":108,"column":null}},"type":"if","locations":[{"start":{"line":108,"column":8},"end":{"line":108,"column":null}},{"start":{},"end":{}}],"line":108},"19":{"loc":{"start":{"line":109,"column":8},"end":{"line":109,"column":null}},"type":"if","locations":[{"start":{"line":109,"column":8},"end":{"line":109,"column":null}},{"start":{},"end":{}}],"line":109},"20":{"loc":{"start":{"line":112,"column":15},"end":{"line":113,"column":70}},"type":"binary-expr","locations":[{"start":{"line":112,"column":15},"end":{"line":112,"column":70}},{"start":{"line":113,"column":15},"end":{"line":113,"column":70}}],"line":112},"21":{"loc":{"start":{"line":118,"column":4},"end":{"line":118,"column":null}},"type":"if","locations":[{"start":{"line":118,"column":4},"end":{"line":118,"column":null}},{"start":{},"end":{}}],"line":118},"22":{"loc":{"start":{"line":121,"column":19},"end":{"line":121,"column":null}},"type":"cond-expr","locations":[{"start":{"line":121,"column":44},"end":{"line":121,"column":63}},{"start":{"line":121,"column":66},"end":{"line":121,"column":null}}],"line":121},"23":{"loc":{"start":{"line":122,"column":22},"end":{"line":122,"column":null}},"type":"cond-expr","locations":[{"start":{"line":122,"column":51},"end":{"line":122,"column":69}},{"start":{"line":122,"column":72},"end":{"line":122,"column":null}}],"line":122},"24":{"loc":{"start":{"line":124,"column":4},"end":{"line":136,"column":null}},"type":"switch","locations":[{"start":{"line":125,"column":8},"end":{"line":125,"column":null}},{"start":{"line":126,"column":8},"end":{"line":126,"column":null}},{"start":{"line":127,"column":8},"end":{"line":127,"column":null}},{"start":{"line":128,"column":8},"end":{"line":128,"column":null}},{"start":{"line":129,"column":8},"end":{"line":129,"column":null}},{"start":{"line":130,"column":8},"end":{"line":130,"column":null}},{"start":{"line":131,"column":8},"end":{"line":134,"column":null}},{"start":{"line":136,"column":8},"end":{"line":136,"column":null}}],"line":124},"25":{"loc":{"start":{"line":125,"column":26},"end":{"line":125,"column":112}},"type":"binary-expr","locations":[{"start":{"line":125,"column":26},"end":{"line":125,"column":44}},{"start":{"line":125,"column":44},"end":{"line":125,"column":71}},{"start":{"line":125,"column":71},"end":{"line":125,"column":112}}],"line":125},"26":{"loc":{"start":{"line":141,"column":18},"end":{"line":141,"column":null}},"type":"binary-expr","locations":[{"start":{"line":141,"column":18},"end":{"line":141,"column":33}},{"start":{"line":141,"column":33},"end":{"line":141,"column":null}}],"line":141},"27":{"loc":{"start":{"line":142,"column":4},"end":{"line":142,"column":null}},"type":"if","locations":[{"start":{"line":142,"column":4},"end":{"line":142,"column":null}},{"start":{},"end":{}}],"line":142},"28":{"loc":{"start":{"line":145,"column":4},"end":{"line":153,"column":null}},"type":"switch","locations":[{"start":{"line":146,"column":8},"end":{"line":146,"column":null}},{"start":{"line":147,"column":8},"end":{"line":147,"column":null}},{"start":{"line":148,"column":8},"end":{"line":148,"column":null}},{"start":{"line":149,"column":8},"end":{"line":149,"column":null}},{"start":{"line":150,"column":8},"end":{"line":150,"column":null}},{"start":{"line":151,"column":8},"end":{"line":151,"column":null}},{"start":{"line":152,"column":8},"end":{"line":152,"column":null}},{"start":{"line":153,"column":8},"end":{"line":153,"column":null}}],"line":145},"29":{"loc":{"start":{"line":147,"column":27},"end":{"line":147,"column":null}},"type":"cond-expr","locations":[{"start":{"line":147,"column":41},"end":{"line":147,"column":48}},{"start":{"line":147,"column":48},"end":{"line":147,"column":null}}],"line":147},"30":{"loc":{"start":{"line":150,"column":30},"end":{"line":150,"column":null}},"type":"binary-expr","locations":[{"start":{"line":150,"column":30},"end":{"line":150,"column":46}},{"start":{"line":150,"column":46},"end":{"line":150,"column":null}}],"line":150},"31":{"loc":{"start":{"line":151,"column":31},"end":{"line":151,"column":null}},"type":"binary-expr","locations":[{"start":{"line":151,"column":31},"end":{"line":151,"column":53}},{"start":{"line":151,"column":53},"end":{"line":151,"column":null}}],"line":151},"32":{"loc":{"start":{"line":157,"column":4},"end":{"line":167,"column":null}},"type":"if","locations":[{"start":{"line":157,"column":4},"end":{"line":167,"column":null}},{"start":{},"end":{}}],"line":157},"33":{"loc":{"start":{"line":160,"column":8},"end":{"line":167,"column":null}},"type":"if","locations":[{"start":{"line":160,"column":8},"end":{"line":167,"column":null}},{"start":{},"end":{}}],"line":160},"34":{"loc":{"start":{"line":162,"column":12},"end":{"line":162,"column":null}},"type":"if","locations":[{"start":{"line":162,"column":12},"end":{"line":162,"column":null}},{"start":{},"end":{}}],"line":162},"35":{"loc":{"start":{"line":166,"column":16},"end":{"line":167,"column":null}},"type":"if","locations":[{"start":{"line":166,"column":16},"end":{"line":167,"column":null}},{"start":{},"end":{}}],"line":166},"36":{"loc":{"start":{"line":166,"column":20},"end":{"line":166,"column":51}},"type":"binary-expr","locations":[{"start":{"line":166,"column":20},"end":{"line":166,"column":31}},{"start":{"line":166,"column":31},"end":{"line":166,"column":51}}],"line":166}},"s":{"0":5,"1":5,"2":0,"3":4,"4":4,"5":12,"6":4,"7":1,"8":3,"9":1,"10":31,"11":1,"12":30,"13":30,"14":30,"15":30,"16":3,"17":3,"18":3,"19":3,"20":27,"21":27,"22":28,"23":28,"24":31,"25":1,"26":1,"27":32,"28":32,"29":32,"30":32,"31":32,"32":135,"33":23,"34":23,"35":23,"36":23,"37":23,"38":32,"39":9,"40":1,"41":8,"42":2,"43":6,"44":6,"45":3,"46":1,"47":2,"48":23,"49":23,"50":1,"51":22,"52":32,"53":32,"54":9,"55":2,"56":5,"57":2,"58":1,"59":1,"60":2,"61":2,"62":2,"63":0,"64":23,"65":23,"66":0,"67":23,"68":1,"69":2,"70":1,"71":1,"72":1,"73":9,"74":1,"75":1,"76":6,"77":5,"78":11,"79":5,"80":5,"81":5,"82":5,"83":5,"84":3,"85":2,"86":2,"87":2,"88":1},"f":{"0":1,"1":12,"2":1,"3":28,"4":31,"5":1,"6":1,"7":11,"8":5},"b":{"0":[0,5],"1":[5,5],"2":[12,4,2,1,1],"3":[1,3],"4":[4,1],"5":[1,30],"6":[31,30],"7":[3,27],"8":[30,8,6],"9":[3,0],"10":[3,0],"11":[3,1],"12":[23,112],"13":[9,23],"14":[1,8],"15":[2,6],"16":[8,6],"17":[2,2,2],"18":[3,3],"19":[1,2],"20":[2,1],"21":[1,22],"22":[1,21],"23":[21,1],"24":[9,2,5,2,1,1,2,0],"25":[9,1,0],"26":[23,0],"27":[0,23],"28":[1,2,1,1,1,9,1,1],"29":[2,0],"30":[1,0],"31":[9,0],"32":[5,1],"33":[5,0],"34":[3,2],"35":[2,0],"36":[2,2]},"meta":{"lastBranch":37,"lastFunction":9,"lastStatement":89,"seen":{"f:22:9:22:18":0,"s:23:4:45:Infinity":0,"b:24:6:24:Infinity:undefined:undefined:undefined:undefined":0,"s:24:6:24:Infinity":1,"b:24:10:24:21:24:21:24:43":1,"s:24:43:24:Infinity":2,"s:29:21:29:40":3,"s:30:28:35:Infinity":4,"f:30:35:30:42":1,"s:31:8:35:28":5,"b:31:8:31:35:32:8:32:63:33:8:33:25:34:8:34:35:35:8:35:28":2,"b:38:6:40:Infinity:undefined:undefined:undefined:undefined":3,"s:38:6:40:Infinity":6,"b:38:10:38:38:38:38:38:59":4,"s:40:10:40:Infinity":7,"s:43:6:43:Infinity":8,"s:45:6:45:Infinity":9,"f:52:9:52:18":2,"b:53:4:53:Infinity:undefined:undefined:undefined:undefined":5,"s:53:4:53:Infinity":10,"b:53:8:53:19:53:19:53:41":6,"s:53:41:53:Infinity":11,"s:55:4:78:Infinity":12,"s:56:31:56:58":13,"s:59:23:59:Infinity":14,"b:60:6:64:Infinity:undefined:undefined:undefined:undefined":7,"s:60:6:64:Infinity":15,"b:60:10:60:44:60:48:60:86:60:90:60:126":8,"s:61:28:61:64":16,"s:62:24:62:Infinity":17,"b:62:24:62:77:62:81:62:Infinity":9,"s:63:24:63:Infinity":18,"b:63:24:63:77:63:81:63:Infinity":10,"s:64:10:64:Infinity":19,"b:64:17:64:42:64:46:64:71":11,"s:69:22:69:50":20,"s:71:6:74:Infinity":21,"f:71:21:71:26":3,"s:72:27:72:45":22,"s:73:10:73:Infinity":23,"f:73:26:73:32":4,"s:73:43:73:100":24,"s:77:6:77:Infinity":25,"s:78:6:78:Infinity":26,"f:82:17:82:35":5,"s:83:22:83:Infinity":27,"s:84:19:84:Infinity":28,"s:85:15:85:Infinity":29,"s:86:16:86:Infinity":30,"s:88:4:94:Infinity":31,"b:89:8:94:Infinity:undefined:undefined:undefined:undefined":12,"s:89:8:94:Infinity":32,"s:90:12:90:Infinity":33,"s:91:26:91:45":34,"s:92:12:92:Infinity":35,"s:93:12:93:Infinity":36,"s:94:12:94:Infinity":37,"b:98:4:113:Infinity:undefined:undefined:undefined:undefined":13,"s:98:4:113:Infinity":38,"b:100:8:101:Infinity:undefined:undefined:undefined:undefined":14,"s:100:8:101:Infinity":39,"s:101:12:101:Infinity":40,"b:105:8:106:Infinity:undefined:undefined:undefined:undefined":15,"s:105:8:106:Infinity":41,"b:105:12:105:37:105:37:105:58":16,"s:106:12:106:Infinity":42,"b:106:20:106:54:106:54:106:89:106:89:106:Infinity":17,"b:108:8:108:Infinity:undefined:undefined:undefined:undefined":18,"s:108:8:108:Infinity":43,"s:108:32:108:Infinity":44,"b:109:8:109:Infinity:undefined:undefined:undefined:undefined":19,"s:109:8:109:Infinity":45,"s:109:32:109:Infinity":46,"s:112:8:113:Infinity":47,"b:112:15:112:70:113:15:113:70":20,"s:117:16:117:59":48,"b:118:4:118:Infinity:undefined:undefined:undefined:undefined":21,"s:118:4:118:Infinity":49,"s:118:27:118:Infinity":50,"s:121:19:121:Infinity":51,"b:121:44:121:63:121:66:121:Infinity":22,"s:122:22:122:Infinity":52,"b:122:51:122:69:122:72:122:Infinity":23,"b:125:8:125:Infinity:126:8:126:Infinity:127:8:127:Infinity:128:8:128:Infinity:129:8:129:Infinity:130:8:130:Infinity:131:8:134:Infinity:136:8:136:Infinity":24,"s:124:4:136:Infinity":53,"s:125:19:125:Infinity":54,"b:125:26:125:44:125:44:125:71:125:71:125:112":25,"s:126:19:126:Infinity":55,"s:127:18:127:Infinity":56,"s:128:18:128:Infinity":57,"s:129:19:129:Infinity":58,"s:130:19:130:Infinity":59,"s:132:25:132:70":60,"s:133:28:133:98":61,"s:134:12:134:Infinity":62,"s:136:17:136:Infinity":63,"f:140:17:140:31":6,"s:141:18:141:Infinity":64,"b:141:18:141:33:141:33:141:Infinity":26,"b:142:4:142:Infinity:undefined:undefined:undefined:undefined":27,"s:142:4:142:Infinity":65,"s:142:16:142:Infinity":66,"b:146:8:146:Infinity:147:8:147:Infinity:148:8:148:Infinity:149:8:149:Infinity:150:8:150:Infinity:151:8:151:Infinity:152:8:152:Infinity:153:8:153:Infinity":28,"s:145:4:153:Infinity":67,"s:146:19:146:Infinity":68,"s:147:20:147:Infinity":69,"b:147:41:147:48:147:48:147:Infinity":29,"s:148:21:148:Infinity":70,"s:149:20:149:Infinity":71,"s:150:23:150:Infinity":72,"b:150:30:150:46:150:46:150:Infinity":30,"s:151:24:151:Infinity":73,"b:151:31:151:53:151:53:151:Infinity":31,"s:152:21:152:Infinity":74,"s:153:20:153:Infinity":75,"b:157:4:167:Infinity:undefined:undefined:undefined:undefined":32,"s:157:4:167:Infinity":76,"s:158:22:158:71":77,"f:158:46:158:50":7,"s:158:55:158:70":78,"s:159:14:159:49":79,"b:160:8:167:Infinity:undefined:undefined:undefined:undefined":33,"s:160:8:167:Infinity":80,"s:161:26:161:92":81,"f:161:33:161:38":8,"s:161:43:161:91":82,"b:162:12:162:Infinity:undefined:undefined:undefined:undefined":34,"s:162:12:162:Infinity":83,"s:162:23:162:Infinity":84,"s:165:12:167:Infinity":85,"b:166:16:167:Infinity:undefined:undefined:undefined:undefined":35,"s:166:16:167:Infinity":86,"b:166:20:166:31:166:31:166:51":36,"s:167:20:167:Infinity":87,"s:173:4:173:Infinity":88}}}
,"C:\\Users\\sercan.sak\\projects\\uart\\src\\engines\\FrameGenerator.ts": {"path":"C:\\Users\\sercan.sak\\projects\\uart\\src\\engines\\FrameGenerator.ts","statementMap":{"0":{"start":{"line":27,"column":13},"end":{"line":27,"column":26}},"1":{"start":{"line":28,"column":13},"end":{"line":28,"column":26}},"2":{"start":{"line":29,"column":12},"end":{"line":29,"column":77}},"3":{"start":{"line":30,"column":2},"end":{"line":30,"column":null}},"4":{"start":{"line":34,"column":14},"end":{"line":34,"column":null}},"5":{"start":{"line":35,"column":2},"end":{"line":35,"column":null}},"6":{"start":{"line":39,"column":2},"end":{"line":42,"column":null}},"7":{"start":{"line":40,"column":16},"end":{"line":40,"column":65}},"8":{"start":{"line":41,"column":18},"end":{"line":41,"column":59}},"9":{"start":{"line":41,"column":43},"end":{"line":41,"column":58}},"10":{"start":{"line":42,"column":4},"end":{"line":42,"column":null}},"11":{"start":{"line":45,"column":26},"end":{"line":45,"column":28}},"12":{"start":{"line":46,"column":2},"end":{"line":47,"column":null}},"13":{"start":{"line":46,"column":15},"end":{"line":46,"column":18}},"14":{"start":{"line":47,"column":4},"end":{"line":47,"column":null}},"15":{"start":{"line":49,"column":2},"end":{"line":49,"column":null}},"16":{"start":{"line":49,"column":28},"end":{"line":49,"column":null}},"17":{"start":{"line":50,"column":2},"end":{"line":50,"column":null}},"18":{"start":{"line":59,"column":46},"end":{"line":59,"column":null}},"19":{"start":{"line":60,"column":17},"end":{"line":60,"column":null}},"20":{"start":{"line":63,"column":2},"end":{"line":66,"column":null}},"21":{"start":{"line":64,"column":17},"end":{"line":64,"column":null}},"22":{"start":{"line":65,"column":21},"end":{"line":65,"column":78}},"23":{"start":{"line":66,"column":4},"end":{"line":66,"column":null}},"24":{"start":{"line":70,"column":2},"end":{"line":71,"column":null}},"25":{"start":{"line":71,"column":4},"end":{"line":71,"column":null}},"26":{"start":{"line":74,"column":2},"end":{"line":160,"column":null}},"27":{"start":{"line":76,"column":18},"end":{"line":76,"column":null}},"28":{"start":{"line":77,"column":6},"end":{"line":77,"column":null}},"29":{"start":{"line":80,"column":18},"end":{"line":80,"column":null}},"30":{"start":{"line":81,"column":6},"end":{"line":84,"column":null}},"31":{"start":{"line":82,"column":21},"end":{"line":82,"column":null}},"32":{"start":{"line":83,"column":23},"end":{"line":83,"column":null}},"33":{"start":{"line":84,"column":8},"end":{"line":84,"column":null}},"34":{"start":{"line":86,"column":6},"end":{"line":86,"column":null}},"35":{"start":{"line":89,"column":6},"end":{"line":89,"column":null}},"36":{"start":{"line":92,"column":18},"end":{"line":92,"column":53}},"37":{"start":{"line":95,"column":6},"end":{"line":98,"column":null}},"38":{"start":{"line":96,"column":20},"end":{"line":96,"column":null}},"39":{"start":{"line":97,"column":8},"end":{"line":98,"column":null}},"40":{"start":{"line":98,"column":10},"end":{"line":98,"column":null}},"41":{"start":{"line":102,"column":6},"end":{"line":105,"column":null}},"42":{"start":{"line":103,"column":19},"end":{"line":103,"column":null}},"43":{"start":{"line":104,"column":8},"end":{"line":105,"column":null}},"44":{"start":{"line":105,"column":11},"end":{"line":105,"column":null}},"45":{"start":{"line":109,"column":6},"end":{"line":109,"column":null}},"46":{"start":{"line":113,"column":6},"end":{"line":113,"column":null}},"47":{"start":{"line":115,"column":18},"end":{"line":115,"column":null}},"48":{"start":{"line":116,"column":18},"end":{"line":116,"column":null}},"49":{"start":{"line":117,"column":6},"end":{"line":131,"column":null}},"50":{"start":{"line":118,"column":23},"end":{"line":118,"column":null}},"51":{"start":{"line":119,"column":8},"end":{"line":121,"column":null}},"52":{"start":{"line":120,"column":10},"end":{"line":120,"column":null}},"53":{"start":{"line":120,"column":42},"end":{"line":120,"column":null}},"54":{"start":{"line":121,"column":10},"end":{"line":121,"column":null}},"55":{"start":{"line":123,"column":21},"end":{"line":123,"column":null}},"56":{"start":{"line":124,"column":8},"end":{"line":129,"column":null}},"57":{"start":{"line":125,"column":23},"end":{"line":125,"column":null}},"58":{"start":{"line":126,"column":10},"end":{"line":126,"column":null}},"59":{"start":{"line":127,"column":19},"end":{"line":129,"column":null}},"60":{"start":{"line":128,"column":23},"end":{"line":128,"column":null}},"61":{"start":{"line":129,"column":10},"end":{"line":129,"column":null}},"62":{"start":{"line":131,"column":8},"end":{"line":131,"column":null}},"63":{"start":{"line":131,"column":20},"end":{"line":131,"column":null}},"64":{"start":{"line":133,"column":6},"end":{"line":133,"column":null}},"65":{"start":{"line":136,"column":18},"end":{"line":136,"column":null}},"66":{"start":{"line":137,"column":6},"end":{"line":137,"column":null}},"67":{"start":{"line":140,"column":18},"end":{"line":140,"column":null}},"68":{"start":{"line":141,"column":6},"end":{"line":156,"column":null}},"69":
[...]
end":{"line":299,"column":58}},{"start":{"line":299,"column":58},"end":{"line":299,"column":60}}],"line":299},"28":{"loc":{"start":{"line":307,"column":20},"end":{"line":307,"column":56}},"type":"binary-expr","locations":[{"start":{"line":307,"column":20},"end":{"line":307,"column":54}},{"start":{"line":307,"column":54},"end":{"line":307,"column":56}}],"line":307},"29":{"loc":{"start":{"line":317,"column":6},"end":{"line":317,"column":null}},"type":"if","locations":[{"start":{"line":317,"column":6},"end":{"line":317,"column":null}},{"start":{},"end":{}}],"line":317},"30":{"loc":{"start":{"line":330,"column":6},"end":{"line":330,"column":null}},"type":"if","locations":[{"start":{"line":330,"column":6},"end":{"line":330,"column":null}},{"start":{},"end":{}}],"line":330},"31":{"loc":{"start":{"line":339,"column":6},"end":{"line":339,"column":null}},"type":"if","locations":[{"start":{"line":339,"column":6},"end":{"line":339,"column":null}},{"start":{},"end":{}}],"line":339}},"s":{"0":3,"1":3,"2":3,"3":3,"4":1685,"5":1,"6":1,"7":1,"8":3,"9":2,"10":2,"11":2,"12":1008,"13":1008,"14":1008,"15":1008,"16":1008,"17":1008,"18":1008,"19":4,"20":3,"21":1,"22":4,"23":5,"24":1,"25":4,"26":5,"27":1008,"28":111,"29":111,"30":111,"31":1,"32":2,"33":1,"34":2,"35":1,"36":2,"37":1,"38":1,"39":1,"40":1,"41":2,"42":2,"43":1,"44":2,"45":2,"46":1,"47":1,"48":1,"49":2,"50":1,"51":2,"52":2,"53":1,"54":1,"55":1,"56":1,"57":1,"58":1,"59":1,"60":4,"61":1,"62":1,"63":1,"64":1,"65":1,"66":1,"67":2,"68":2,"69":2,"70":2,"71":1,"72":2,"73":1,"74":1,"75":2,"76":2,"77":1,"78":1,"79":502,"80":2,"81":2,"82":1,"83":1,"84":1,"85":2,"86":1,"87":1,"88":2,"89":1,"90":1,"91":1},"f":{"0":1685,"1":3,"2":5,"3":1,"4":1,"5":1,"6":1,"7":1},"b":{"0":[1,1,1,3,2,2,2,1008,111,1,2,1,2,1,2,1,1,1,1,2,1,1,1,2,2,1,1,1,4,1,1,1,1,2,1,1,2,2,1,502,2,2,1,2,2,1],"1":[1008,2],"2":[1006,2],"3":[1008,1006],"4":[1002,6],"5":[1008,1008],"6":[1002,6],"7":[4,1004],"8":[1008,1006],"9":[1,3],"10":[1,4],"11":[4,0],"12":[1007,1],"13":[1,1007],"14":[1008,1008],"15":[1,1],"16":[2,2],"17":[1,1],"18":[1,1],"19":[0,4],"20":[0,4],"21":[0,4],"22":[4,4,0],"23":[4,4,0],"24":[4,3,0],"25":[4,4,0],"26":[2,1],"27":[2,1],"28":[2,1],"29":[1,1],"30":[1,1],"31":[1,1]},"meta":{"lastBranch":32,"lastFunction":8,"lastStatement":92,"seen":{"s:20:26:20:Infinity":0,"s:21:24:21:Infinity":1,"s:22:28:22:Infinity":2,"s:24:46:80:Infinity":3,"f:130:16:130:24":0,"b:132:4:133:Infinity:134:4:135:Infinity:136:4:137:Infinity:138:4:151:Infinity:152:4:153:Infinity:154:4:155:Infinity:156:4:157:Infinity:158:4:196:Infinity:198:4:204:Infinity:206:4:210:Infinity:211:4:212:Infinity:213:4:214:Infinity:215:4:216:Infinity:217:4:218:Infinity:219:4:220:Infinity:221:4:222:Infinity:223:4:224:Infinity:225:4:226:Infinity:227:4:228:Infinity:229:4:235:Infinity:237:4:238:Infinity:239:4:240:Infinity:241:4:242:Infinity:243:4:247:Infinity:249:4:251:Infinity:252:4:253:Infinity:254:4:255:Infinity:256:4:257:Infinity:258:4:270:Infinity:271:4:272:Infinity:273:4:274:Infinity:275:4:276:Infinity:277:4:280:Infinity:282:4:288:Infinity:290:4:291:Infinity:292:4:293:Infinity:294:4:301:Infinity:302:4:309:Infinity:310:4:311:Infinity:312:4:313:Infinity:314:4:315:Infinity:316:4:326:Infinity:327:4:328:Infinity:329:4:337:Infinity:338:4:346:Infinity:347:4:348:Infinity":0,"s:131:2:348:Infinity":4,"s:133:6:133:Infinity":5,"s:135:6:135:Infinity":6,"s:137:6:137:Infinity":7,"s:139:6:151:Infinity":8,"s:153:6:153:Infinity":9,"s:155:6:155:Infinity":10,"s:157:6:157:Infinity":11,"s:159:57:159:Infinity":12,"s:161:27:161:Infinity":13,"b:161:27:161:48:161:48:161:Infinity":1,"s:162:29:164:Infinity":14,"b:163:10:163:74:164:10:164:Infinity":2,"b:162:29:162:44:162:44:162:Infinity":3,"s:166:31:168:Infinity":15,"b:167:10:167:75:168:10:168:Infinity":4,"b:166:31:166:41:166:41:166:Infinity":5,"s:170:33:172:Infinity":16,"b:171:10:171:92:172:10:172:Infinity":6,"s:174:28:174:51":17,"b:175:6:183:Infinity:undefined:undefined:undefined:undefined":7,"s:175:6:183:Infinity":18,"b:175:10:175:31:175:31:175:60":8,"b:176:8:177:Infinity:undefined:undefined:undefined:undefined":9,"s:176:8:177:Infinity":19,"f:176:29:176:34":1,"s:176:39:176:58":20,"s:177:10:177:Infinity":21,"s:179:8:183:Infinity":22,"f:179:42:179:46":2,"b:180:10:180:Infinity:undefined:undefined:undefined:undefined":10,"s:180:10:180:Infinity":23,"s:180:36:180:Infinity":24,"s:181:37:181:98":25,"b:181:62:181:94:181:94:181:96":11,"s:182:10:182:Infinity":26,"s:186:6:196:Infinity":27,"b:193:45:193:57:193:57:193:Infinity":12,"b:194:71:194:100:194:100:194:Infinity":13,"b:195:19:195:40:195:40:195:Infinity":14,"s:199:18:199:28":28,"s:200:22:200:Infinity":29,"s:201:6:204:Infinity":30,"s:207:6:210:Infinity":31,"s:212:6:212:Infinity":32,"s:214:6:214:Infinity":33,"s:216:6:216:Infinity":34,"s:218:6:218:Infinity":35,"s:220:6:220:Infinity":36,"s:222:6:222:Infinity":37,"s:224:6:224:Infinity":38,"s:226:6:226:Infinity":39,"s:228:6:228:Infinity":40,"s:230:31:230:51":41,"s:231:26:231:86":42,"f:231:43:231:53":3,"s:231:58:231:86":43,"s:232:28:234:60":44,"b:233:11:233:Infinity:234:10:234:60":15,"s:235:6:235:Infinity":45,"b:235:64:235:86:235:86:235:105":16,"s:238:6:238:Infinity":46,"s:240:6:240:Infinity":47,"s:242:6:242:Infinity":48,"s:244:27:246:48":49,"b:245:10:245:61:246:10:246:48":17,"f:245:26:245:33":4,"s:245:38:245:61":50,"s:247:6:247:Infinity":51,"b:250:6:250:Infinity:undefined:undefined:undefined:undefined":18,"s:250:6:250:Infinity":52,"f:250:26:250:31":5,"s:250:36:250:79":53,"s:250:81:250:Infinity":54,"s:251:6:251:Infinity":55,"s:253:6:253:Infinity":56,"f:253:52:253:59":6,"s:253:64:253:103":57,"s:255:6:255:Infinity":58,"s:257:6:257:Infinity":59,"s:259:6:270:Infinity":60,"b:263:73:263:107:263:107:263:Infinity":19,"b:264:63:264:92:264:92:264:Infinity":20,"b:265:71:265:104:265:104:265:Infinity":21,"b:266:26:266:62:266:62:266:88:266:88:266:90":22,"b:267:25:267:60:267:60:267:85:267:85:267:100":23,"b:268:19:268:48:268:48:268:67:268:67:268:69":24,"b:269:19:269:48:269:48:269:67:269:67:269:Infinity":25,"s:272:6:272:Infinity":61,"s:274:6:274:Infinity":62,"s:276:6:276:Infinity":63,"s:278:28:278:49":64,"s:279:6:279:Infinity":65,"s:280:6:280:Infinity":66,"s:283:25:283:Infinity":67,"s:284:6:287:Infinity":68,"s:285:27:285:85":69,"b:285:38:285:76:285:80:285:85":26,"s:286:8:286:Infinity":70,"s:287:20:287:Infinity":71,"s:288:6:288:Infinity":72,"s:291:6:291:Infinity":73,"s:293:6:293:Infinity":74,"s:295:6:301:Infinity":75,"b:299:24:299:58:299:58:299:60":27,"s:303:6:309:Infinity":76,"b:307:20:307:54:307:54:307:56":28,"f:307:58:307:65":7,"s:307:70:307:Infinity":77,"s:311:6:311:Infinity":78,"s:313:6:313:Infinity":79,"s:315:6:315:Infinity":80,"b:317:6:317:Infinity:undefined:undefined:undefined:undefined":29,"s:317:6:317:Infinity":81,"s:317:36:317:Infinity":82,"s:318:6:326:Infinity":83,"s:328:6:328:Infinity":84,"b:330:6:330:Infinity:undefined:undefined:undefined:undefined":30,"s:330:6:330:Infinity":85,"s:330:36:330:Infinity":86,"s:331:6:337:Infinity":87,"b:339:6:339:Infinity:undefined:undefined:undefined:undefined":31,"s:339:6:339:Infinity":88,"s:339:36:339:Infinity":89,"s:340:6:346:Infinity":90,"s:348:6:348:Infinity":91}}}
,"C:\\Users\\sercan.sak\\projects\\uart\\src\\store\\storage.ts": {"path":"C:\\Users\\sercan.sak\\projects\\uart\\src\\store\\storage.ts","statementMap":{"0":{"start":{"line":7,"column":21},"end":{"line":7,"column":null}},"1":{"start":{"line":8,"column":22},"end":{"line":8,"column":null}},"2":{"start":{"line":10,"column":41},"end":{"line":121,"column":null}},"3":{"start":{"line":124,"column":2},"end":{"line":129,"column":null}},"4":{"start":{"line":125,"column":16},"end":{"line":125,"column":41}},"5":{"start":{"line":126,"column":4},"end":{"line":126,"column":null}},"6":{"start":{"line":126,"column":38},"end":{"line":126,"column":null}},"7":{"start":{"line":127,"column":4},"end":{"line":127,"column":null}},"8":{"start":{"line":129,"column":4},"end":{"line":129,"column":null}},"9":{"start":{"line":134,"column":2},"end":{"line":134,"column":null}},"10":{"start":{"line":140,"column":2},"end":{"line":140,"column":null}},"11":{"start":{"line":144,"column":2},"end":{"line":144,"column":null}},"12":{"start":{"line":148,"column":19},"end":{"line":148,"column":33}},"13":{"start":{"line":149,"column":14},"end":{"line":149,"column":60}},"14":{"start":{"line":149,"column":40},"end":{"line":149,"column":60}},"15":{"start":{"line":150,"column":2},"end":{"line":151,"column":null}},"16":{"start":{"line":150,"column":16},"end":{"line":150,"column":null}},"17":{"start":{"line":151,"column":7},"end":{"line":151,"column":null}},"18":{"start":{"line":152,"column":2},"end":{"line":152,"column":null}},"19":{"start":{"line":156,"column":19},"end":{"line":156,"column":60}},"20":{"start":{"line":156,"column":48},"end":{"line":156,"column":60}},"21":{"start":{"line":157,"column":2},"end":{"line":157,"column":null}},"22":{"start":{"line":161,"column":2},"end":{"line":161,"column":null}},"23":{"start":{"line":161,"column":36},"end":{"line":161,"column":48}},"24":{"start":{"line":167,"column":2},"end":{"line":167,"column":null}},"25":{"start":{"line":171,"column":2},"end":{"line":171,"column":null}},"26":{"start":{"line":175,"column":20},"end":{"line":175,"column":35}},"27":{"start":{"line":176,"column":14},"end":{"line":176,"column":62}},"28":{"start":{"line":176,"column":41},"end":{"line":176,"column":62}},"29":{"start":{"line":177,"column":2},"end":{"line":178,"column":null}},"30":{"start":{"line":177,"column":16},"end":{"line":177,"column":null}},"31":{"start":{"line":178,"column":7},"end":{"line":178,"column":null}},"32":{"start":{"line":179,"column":2},"end":{"line":179,"column":null}},"33":{"start":{"line":183,"column":20},"end":{"line":183,"column":62}},"34":{"start":{"line":183,"column":50},"end":{"line":183,"column":62}},"35":{"start":{"line":184,"column":2},"end":{"line":184,"column":null}},"36":{"start":{"line":188,"column":2},"end":{"line":188,"column":null}},"37":{"start":{"line":188,"column":37},"end":{"line":188,"column":49}},"38":{"start":{"line":194,"column":15},"end":{"line":194,"column":86}},"39":{"start":{"line":195,"column":14},"end":{"line":195,"column":39}},"40":{"start":{"line":196,"column":12},"end":{"line":196,"column":39}},"41":{"start":{"line":197,"column":2},"end":{"line":197,"column":null}},"42":{"start":{"line":198,"column":2},"end":{"line":198,"column":null}},"43":{"start":{"line":199,"column":2},"end":{"line":199,"column":null}},"44":{"start":{"line":200,"column":2},"end":{"line":200,"column":null}},"45":{"start":{"line":204,"column":2},"end":{"line":216,"column":null}},"46":{"start":{"line":205,"column":19},"end":{"line":205,"column":35}},"47":{"start":{"line":206,"column":4},"end":{"line":211,"column":null}},"48":{"start":{"line":207,"column":6},"end":{"line":211,"column":null}},"49":{"start":{"line":208,"column":21},"end":{"line":208,"column":59}},"50":{"start":{"line":209,"column":8},"end":{"line":209,"column":null}},"51":{"start":{"line":211,"column":8},"end":{"line":211,"column":null}},"52":{"start":{"line":214,"column":4},"end":{"line":214,"column":null}},"53":{"start":{"line":214,"column":27},"end":{"line":214,"column":63}},"54":{"start":{"line":215,"column":4},"end":{"line":215,"column":null}}},"fnMap":{"0":{"name":"load","decl":{"start":{"line":123,"column":9},"end":{"line":123,"column":17}},"loc":{"start":{"line":123,"column":35},"end":{"line":129,"column":null}},"line":123},"1":{"name":"save","decl":{"start":{"line":133,"column":9},"end":{"line":133,"column":17}},"loc":{"start":{"line":133,"column":47},"end":{"line":134,"column":null}},"line":133},"2":{"name":"loadProfiles","decl":{"start":{"line":139,"column":16},"end":{"line":139,"column":47}},"loc":{"start":{"line":139,"column":47},"end":{"line":140,"column":null}},"line":139},"3":{"name":"saveProfiles","decl":{"start":{"line":143,"column":16},"end":{"line":143,"column":29}},"loc":{"start":{"line":143,"column":61},"end":{"line":144,"column":null}},"line":143},"4":{"name":"saveProfile","decl":{"start":{"line":147,"column":16},"end":{"line":147,"column":28}},"loc":{"start":{"line":147,"column":57},"end":{"line":152,"column":null}},"line":147},"5":{"name":"(anonymous_5)","decl":{"start":{"line":149,"column":23},"end":{"line":149,"column":34}},"loc":{"start":{"line":149,"column":40},"end":{"line":149,"column":60}},"line":149},"6":{"name":"deleteProfile","decl":{"start":{"line":155,"column":16},"end":{"line":155,"column":30}},"loc":{"start":{"line":155,"column":48},"end":{"line":157,"column":null}},"line":155},"7":{"name":"(anonymous_7)","decl":{"start":{"line":156,"column":34},"end":{"line":156,"column":42}},"loc":{"start":{"line":156,"column":48},"end":{"line":156,"column":60}},"line":156},"8":{"name":"getProfile","decl":{"start":{"line":160,"column":16},"end":{"line":160,"column":27}},"loc":{"start":{"line":160,"column":60},"end":{"line":161,"column":null}},"line":160},"9":{"name":"(anonymous_9)","decl":{"start":{"line":161,"column":24},"end":{"line":161,"column":30}},"loc":{"start":{"line":161,"column":36},"end":{"line":161,"column":48}},"line":161},"10":{"name":"loadScenarios","decl":{"start":{"line":166,"column":16},"end":{"line":166,"column":44}},"loc":{"start":{"line":166,"column":44},"end":{"line":167,"column":null}},"line":166},"11":{"name":"saveScenarios","decl":{"start":{"line":170,"column":16},"end":{"line":170,"column":30}},"loc":{"start":{"line":170,"column":59},"end":{"line":171,"column":null}},"line":170},"12":{"name":"saveScenario","decl":{"start":{"line":174,"column":16},"end":{"line":174,"column":29}},"loc":{"start":{"line":174,"column":55},"end":{"line":179,"column":null}},"line":174},"13":{"name":"(anonymous_13)","decl":{"start":{"line":176,"column":24},"end":{"line":176,"column":35}},"loc":{"start":{"line":176,"column":41},"end":{"line":176,"column":62}},"line":176},"14":{"name":"deleteScenario","decl":{"start":{"line":182,"column":16},"end":{"line":182,"column":31}},"loc":{"start":{"line":182,"column":49},"end":{"line":184,"column":null}},"line":182},"15":{"name":"(anonymous_15)","decl":{"start":{"line":183,"column":36},"end":{"line":183,"column":44}},"loc":{"start":{"line":183,"column":50},"end":{"line":183,"column":62}},"line":183},"16":{"name":"getScenario","decl":{"start":{"line":187,"column":16},"end":{"line":187,"column":28}},"loc":{"start":{"line":187,"column":57},"end":{"line":188,"column":null}},"line":187},"17":{"name":"(anonymous_17)","decl":{"start":{"line":188,"column":25},"end":{"line":188,"column":31}},"loc":{"start":{"line":188,"column":37},"end":{"line":188,"column":49}},"line":188},"18":{"name":"exportAsJson","decl":{"start":{"line":193,"column":16},"end":{"line":193,"column":29}},"loc":{"start":{"line":193,"column":68},"end":{"line":200,"column":null}},"line":193},"19":{"name":"importFromJson","decl":{"start":{"line":203,"column":16},"end":{"line":203,"column":34}},"loc":{"start":{"line":203,"column":58},"end":{"line":216,"column":null}},"line":203},"20":{"name":"(anonymous_20)","decl":{"start":{"line":204,"column":13},"end":{"line":204,"column":22}},"loc":{"start":{"line":204,"column":42},"end":{"line":216,"column":null}},"line":204},"21":{"name":"(anonymous_21)","decl":{"start":{"line":206,"column":11},"end":{"line":206,"column":21}},"loc":{"start":{"line":206,"column":27},"end":{"line":211,"column":null}},"line":206},"22":{"name":"(anonymous_22)","decl":{"start":{"line":214,"column":11},"end":{"line":214,"column":27}},"loc":{"start":{"line":214,"column":27},"end":{"line":214,"column":63}},"line":214}},"branchMap":{"0":{"loc":{"start":{"line":126,"column":4},"end":{"line":126,"column":null}},"type":"if","locations":[{"start":{"line":126,"column":4},"end":{"line":126,"column":null}},{"start":{},"end":{}}],"line":126},"1":{"loc":{"start":{"line":126,"column":8},"end":{"line":126,"column":38}},"type":"binary-expr","locations":[{"start":{"line":126,"column":8},"end":{"line":126,"column":16}},{"start":{"line":126,"column":16},"end":{"line":126,"column":38}}],"line":126},"2":{"loc":{"start":{"line":127,"column":11},"end":{"line":127,"column":37}},"type":"cond-expr","locations":[{"start":{"line":127,"column":17},"end":{"line":127,"column":32}},{"start":{"line":127,"column":35},"end":{"line":127,"column":37}}],"line":127},"3":{"loc":{"start":{"line":150,"column":2},"end":{"line":151,"column":null}},"type":"if","locations":[{"start":{"line":150,"column":2},"end":{"line":151,"column":null}},{"start":{"line":151,"column":7},"end":{"line":151,"column":null}}],"line":150},"4":{"loc":{"start":{"line":161,"column":9},"end":{"line":161,"column":null}},"type":"binary-expr","locations":[{"start":{"line":161,"column":9},"end":{"line":161,"column":48}},{"start":{"line":161,"column":52},"end":{"line":161,"column":null}}],"line":161},"5":{"loc":{"start":{"line":177,"column":2},"end":{"line":178,"column":null}},"type":"if","locations":[{"start":{"line":177,"column":2},"end":{"line":178,"column":null}},{"start":{"line":178,"column":7},"end":{"line":178,"column":null}}],"line":177},"6":{"loc":{"start":{"line":188,"column":9},"end":{"line":188,"column":null}},"type":"binary-expr","locations":[{"start":{"line":188,"column":9},"end":{"line":188,"column":49}},{"start":{"line":188,"column":53},"end":{"line":188,"column":null}}],"line":188}},"s":{"0":2,"1":2,"2":2,"3":18,"4":18,"5":18,"6":5,"7":13,"8":1,"9":10,"10":11,"11":6,"12":5,"13":5,"14":23,"15":5,"16":3,"17":2,"18":5,"19":1,"20":5,"21":1,"22":3,"23":14,"24":7,"25":4,"26":3,"27":3,"28":1,"29":3,"30":1,"31":2,"32":3,"33":1,"34":1,"35":1,"36":3,"37":2,"38":1,"39":1,"40":1,"41":1,"42":1,"43":1,"44":1,"45":3,"46":3,"47":3,"48":2,"49":2,"50":2,"51":1,"52":3,"53":1,"54":3},"f":{"0":18,"1":10,"2":11,"3":6,"4":5,"5":23,"6":1,"7":5,"8":3,"9":14,"10":7,"11":4,"12":3,"13":1,"14":1,"15":1,"16":3,"17":2,"18":1,"19":3,"20":3,"21":2,"22":1},"b":{"0":[5,13],"1":[18,7],"2":[11,2],"3":[3,2],"4":[3,1],"5":[1,2],"6":[3,1]},"meta":{"lastBranch":7,"lastFunction":23,"lastStatement":55,"seen":{"s:7:21:7:Infinity":0,"s:8:22:8:Infinity":1,"s:10:41:121:Infinity":2,"f:123:9:123:17":0,"s:124:2:129:Infinity":3,"s:125:16:125:41":4,"b:126:4:126:Infinity:undefined:undefined:undefined:undefined":0,"s:126:4:126:Infinity":5,"b:126:8:126:16:126:16:126:38":1,"s:126:38:126:Infinity":6,"s:127:4:127:Infinity":7,"b:127:17:127:32:127:35:127:37":2,"s:129:4:129:Infinity":8,"f:133:9:133:17":1,"s:134:2:134:Infinity":9,"f:139:16:139:47":2,"s:140:2:140:Infinity":10,"f:143:16:143:29":3,"s:144:2:144:Infinity":11,"f:147:16:147:28":4,"s:148:19:148:33":12,"s:149:14:149:60":13,"f:149:23:149:34":5,"s:149:40:149:60":14,"b:150:2:151:Infinity:151:7:151:Infinity":3,"s:150:2:151:Infinity":15,"s:150:16:150:Infinity":16,"s:151:7:151:Infinity":17,"s:152:2:152:Infinity":18,"f:155:16:155:30":6,"s:156:19:156:60":19,"f:156:34:156:42":7,"s:156:48:156:60":20,"s:157:2:157:Infinity":21,"f:160:16:160:27":8,"s:161:2:161:Infinity":22,"b:161:9:161:48:161:52:161:Infinity":4,"f:161:24:161:30":9,"s:161:36:161:48":23,"f:166:16:166:44":10,"s:167:2:167:Infinity":24,"f:170:16:170:30":11,"s:171:2:171:Infinity":25,"f:174:16:174:29":12,"s:175:20:175:35":26,"s:176:14:176:62":27,"f:176:24:176:35":13,"s:176:41:176:62":28,"b:177:2:178:Infinity:178:7:178:Infinity":5,"s:177:2:178:Infinity":29,"s:177:16:177:Infinity":30,"s:178:7:178:Infinity":31,"s:179:2:179:Infinity":32,"f:182:16:182:31":14,"s:183:20:183:62":33,"f:183:36:183:44":15,"s:183:50:183:62":34,"s:184:2:184:Infinity":35,"f:187:16:187:28":16,"s:188:2:188:Infinity":36,"b:188:9:188:49:188:53:188:Infinity":6,"f:188:25:188:31":17,"s:188:37:188:49":37,"f:193:16:193:29":18,"s:194:15:194:86":38,"s:195:14:195:39":39,"s:196:12:196:39":40,"s:197:2:197:Infinity":41,"s:198:2:198:Infinity":42,"s:199:2:199:Infinity":43,"s:200:2:200:Infinity":44,"f:203:16:203:34":19,"s:204:2:216:Infinity":45,"f:204:13:204:22":20,"s:205:19:205:35":46,"s:206:4:211:Infinity":47,"f:206:11:206:21":21,"s:207:6:211:Infinity":48,"s:208:21:208:59":49,"s:209:8:209:Infinity":50,"s:211:8:211:Infinity":51,"s:214:4:214:Infinity":52,"f:214:11:214:27":22,"s:214:27:214:63":53,"s:215:4:215:Infinity":54}}}
}
